#
# There is insufficient memory for the Java Runtime Environment to continue.
# Native memory allocation (malloc) failed to allocate 1657408 bytes for Chunk::new
# Possible reasons:
#   The system is out of physical RAM or swap space
#   The process is running with CompressedOops enabled, and the Java Heap may be blocking the growth of the native heap
# Possible solutions:
#   Reduce memory load on the system
#   Increase physical memory or swap space
#   Check if swap backing store is full
#   Decrease Java heap size (-Xmx/-Xms)
#   Decrease number of Java threads
#   Decrease Java thread stack sizes (-Xss)
#   Set larger code cache with -XX:ReservedCodeCacheSize=
#   JVM is running with Unscaled Compressed Oops mode in which the Java heap is
#     placed in the first 4GB address space. The Java Heap base address is the
#     maximum limit for the native heap growth. Please use -XX:HeapBaseMinAddress
#     to set the Java Heap base and to place the Java Heap above 4GB virtual address.
# This output file may be truncated or incomplete.
#
#  Out of Memory Error (arena.cpp:189), pid=49432, tid=49568
#
# JRE version: Java(TM) SE Runtime Environment (17.0.11+7) (build 17.0.11+7-LTS-207)
# Java VM: Java HotSpot(TM) 64-Bit Server VM (17.0.11+7-LTS-207, mixed mode, sharing, tiered, compressed oops, compressed class ptrs, g1 gc, windows-amd64)
# No core dump will be written. Minidumps are not enabled by default on client versions of Windows
#

---------------  S U M M A R Y ------------

Command Line: -Dfile.encoding=UTF-8 -Duser.country=ES -Duser.language=es -Duser.variant com.EchoLearn_backend.EchoLearnBackendApplication

Host: Intel(R) Core(TM) i5-4200U CPU @ 1.60GHz, 4 cores, 3G,  Windows 10 , 64 bit Build 19041 (10.0.19041.5915)
Time: Wed Jul 16 12:31:33 2025 Hora est. Pacífico, Sudamérica elapsed time: 562.419812 seconds (0d 0h 9m 22s)

---------------  T H R E A D  ---------------

Current thread (0x000002460d137550):  JavaThread "C2 CompilerThread0" daemon [_thread_in_native, id=49568, stack(0x000000b025900000,0x000000b025a00000)]


Current CompileTask:
C2: 562421 8208   !   4       java.lang.reflect.Executable::declaredAnnotations (85 bytes)

Stack: [0x000000b025900000,0x000000b025a00000]
Native frames: (J=compiled Java code, j=interpreted, Vv=VM code, C=native code)
V  [jvm.dll+0x679cca]
V  [jvm.dll+0x7da13d]
V  [jvm.dll+0x7dba83]
V  [jvm.dll+0x7dc0f3]
V  [jvm.dll+0x2449af]
V  [jvm.dll+0xab83b]
V  [jvm.dll+0xabe1c]
V  [jvm.dll+0x3615ae]
V  [jvm.dll+0x1b9dda]
V  [jvm.dll+0x216337]
V  [jvm.dll+0x21560f]
V  [jvm.dll+0x1a2040]
V  [jvm.dll+0x225a2b]
V  [jvm.dll+0x223bcb]
V  [jvm.dll+0x7903ec]
V  [jvm.dll+0x78a85a]
V  [jvm.dll+0x678bb5]
C  [ucrtbase.dll+0x21bb2]
C  [KERNEL32.DLL+0x17374]
C  [ntdll.dll+0x4cc91]


---------------  P R O C E S S  ---------------

Threads class SMR info:
_java_thread_list=0x000002461611fc00, length=29, elements={
0x000002460d122f40, 0x000002460d123810, 0x000002460d130610, 0x000002460d130fd0,
0x000002460d1329a0, 0x000002460d136860, 0x000002460d137550, 0x000002460d138000,
0x000002460d1531e0, 0x000002460d290780, 0x000002460d2a2940, 0x00000246138fc080,
0x000002461481d520, 0x00000246120f8bc0, 0x00000246120f6340, 0x00000246120f6d60,
0x000002461336efa0, 0x0000024613370e00, 0x00000246133703e0, 0x0000024613372750,
0x000002461336ea90, 0x0000024613371310, 0x000002461336e070, 0x00000246133759f0,
0x0000024613371820, 0x00000246133745b0, 0x0000024613373170, 0x0000024613373b90,
0x0000024613373680
}

Java Threads: ( => current thread )
  0x000002460d122f40 JavaThread "Reference Handler" daemon [_thread_blocked, id=49544, stack(0x000000b025300000,0x000000b025400000)]
  0x000002460d123810 JavaThread "Finalizer" daemon [_thread_blocked, id=49548, stack(0x000000b025400000,0x000000b025500000)]
  0x000002460d130610 JavaThread "Signal Dispatcher" daemon [_thread_blocked, id=49552, stack(0x000000b025500000,0x000000b025600000)]
  0x000002460d130fd0 JavaThread "Attach Listener" daemon [_thread_blocked, id=49556, stack(0x000000b025600000,0x000000b025700000)]
  0x000002460d1329a0 JavaThread "Service Thread" daemon [_thread_blocked, id=49560, stack(0x000000b025700000,0x000000b025800000)]
  0x000002460d136860 JavaThread "Monitor Deflation Thread" daemon [_thread_blocked, id=49564, stack(0x000000b025800000,0x000000b025900000)]
=>0x000002460d137550 JavaThread "C2 CompilerThread0" daemon [_thread_in_native, id=49568, stack(0x000000b025900000,0x000000b025a00000)]
  0x000002460d138000 JavaThread "C1 CompilerThread0" daemon [_thread_blocked, id=49572, stack(0x000000b025a00000,0x000000b025b00000)]
  0x000002460d1531e0 JavaThread "Sweeper thread" daemon [_thread_blocked, id=49576, stack(0x000000b025b00000,0x000000b025c00000)]
  0x000002460d290780 JavaThread "Notification Thread" daemon [_thread_blocked, id=49580, stack(0x000000b025c00000,0x000000b025d00000)]
  0x000002460d2a2940 JavaThread "Common-Cleaner" daemon [_thread_blocked, id=49588, stack(0x000000b025e00000,0x000000b025f00000)]
  0x00000246138fc080 JavaThread "mysql-cj-abandoned-connection-cleanup" daemon [_thread_blocked, id=49764, stack(0x000000b025f00000,0x000000b026000000)]
  0x000002461481d520 JavaThread "HikariPool-1 housekeeper" daemon [_thread_blocked, id=49772, stack(0x000000b026400000,0x000000b026500000)]
  0x00000246120f8bc0 JavaThread "Catalina-utility-1" [_thread_blocked, id=49788, stack(0x000000b026500000,0x000000b026600000)]
  0x00000246120f6340 JavaThread "Catalina-utility-2" [_thread_blocked, id=49792, stack(0x000000b026600000,0x000000b026700000)]
  0x00000246120f6d60 JavaThread "container-0" [_thread_blocked, id=49796, stack(0x000000b026700000,0x000000b026800000)]
  0x000002461336efa0 JavaThread "http-nio-8080-exec-1" daemon [_thread_blocked, id=49804, stack(0x000000b026800000,0x000000b026900000)]
  0x0000024613370e00 JavaThread "http-nio-8080-exec-2" daemon [_thread_blocked, id=49808, stack(0x000000b026900000,0x000000b026a00000)]
  0x00000246133703e0 JavaThread "http-nio-8080-exec-3" daemon [_thread_blocked, id=49812, stack(0x000000b026a00000,0x000000b026b00000)]
  0x0000024613372750 JavaThread "http-nio-8080-exec-4" daemon [_thread_in_Java, id=49816, stack(0x000000b026b00000,0x000000b026c00000)]
  0x000002461336ea90 JavaThread "http-nio-8080-exec-5" daemon [_thread_blocked, id=49820, stack(0x000000b026c00000,0x000000b026d00000)]
  0x0000024613371310 JavaThread "http-nio-8080-exec-6" daemon [_thread_blocked, id=49824, stack(0x000000b026d00000,0x000000b026e00000)]
  0x000002461336e070 JavaThread "http-nio-8080-exec-7" daemon [_thread_blocked, id=49828, stack(0x000000b026e00000,0x000000b026f00000)]
  0x00000246133759f0 JavaThread "http-nio-8080-exec-8" daemon [_thread_blocked, id=49832, stack(0x000000b026f00000,0x000000b027000000)]
  0x0000024613371820 JavaThread "http-nio-8080-exec-9" daemon [_thread_blocked, id=49836, stack(0x000000b027000000,0x000000b027100000)]
  0x00000246133745b0 JavaThread "http-nio-8080-exec-10" daemon [_thread_blocked, id=49840, stack(0x000000b027100000,0x000000b027200000)]
  0x0000024613373170 JavaThread "http-nio-8080-Poller" daemon [_thread_in_native, id=49844, stack(0x000000b027200000,0x000000b027300000)]
  0x0000024613373b90 JavaThread "http-nio-8080-Acceptor" daemon [_thread_in_native, id=49848, stack(0x000000b027300000,0x000000b027400000)]
  0x0000024613373680 JavaThread "DestroyJavaVM" [_thread_blocked, id=49516, stack(0x000000b024c00000,0x000000b024d00000)]

Other Threads:
  0x00000245b0e2d850 VMThread "VM Thread" [stack: 0x000000b025200000,0x000000b025300000] [id=49540]
  0x000002460d292c70 WatcherThread [stack: 0x000000b025d00000,0x000000b025e00000] [id=49584]
  0x00000245b0db6760 GCTaskThread "GC Thread#0" [stack: 0x000000b024d00000,0x000000b024e00000] [id=49520]
  0x000002460d351440 GCTaskThread "GC Thread#1" [stack: 0x000000b026000000,0x000000b026100000] [id=49672]
  0x000002460d9a6860 GCTaskThread "GC Thread#2" [stack: 0x000000b026100000,0x000000b026200000] [id=49676]
  0x000002460dcf3010 GCTaskThread "GC Thread#3" [stack: 0x000000b026200000,0x000000b026300000] [id=49680]
  0x00000245b0dbfb60 ConcurrentGCThread "G1 Main Marker" [stack: 0x000000b024e00000,0x000000b024f00000] [id=49524]
  0x00000245b0dc0470 ConcurrentGCThread "G1 Conc#0" [stack: 0x000000b024f00000,0x000000b025000000] [id=49528]
  0x00000245b0e078f0 ConcurrentGCThread "G1 Refine#0" [stack: 0x000000b025000000,0x000000b025100000] [id=49532]
  0x00000245b0e08220 ConcurrentGCThread "G1 Service" [stack: 0x000000b025100000,0x000000b025200000] [id=49536]

Threads with active compile tasks:
C2 CompilerThread0   562625 8208   !   4       java.lang.reflect.Executable::declaredAnnotations (85 bytes)

VM state: not at safepoint (normal execution)

VM Mutex/Monitor currently owned by a thread: None

Heap address: 0x00000000c1600000, size: 1002 MB, Compressed Oops mode: 32-bit

CDS archive(s) mapped at: [0x00000245cc000000-0x00000245ccbd0000-0x00000245ccbd0000), size 12386304, SharedBaseAddress: 0x00000245cc000000, ArchiveRelocationMode: 1.
Compressed class space mapped at: 0x00000245cd000000-0x000002460d000000, reserved size: 1073741824
Narrow klass base: 0x00000245cc000000, Narrow klass shift: 0, Narrow klass range: 0x100000000

GC Precious Log:
 CPUs: 4 total, 4 available
 Memory: 4003M
 Large Page Support: Disabled
 NUMA Support: Disabled
 Compressed Oops: Enabled (32-bit)
 Heap Region Size: 1M
 Heap Min Capacity: 8M
 Heap Initial Capacity: 64M
 Heap Max Capacity: 1002M
 Pre-touch: Disabled
 Parallel Workers: 4
 Concurrent Workers: 1
 Concurrent Refinement Workers: 4
 Periodic GC: Disabled

Heap:
 garbage-first heap   total 84992K, used 45595K [0x00000000c1600000, 0x0000000100000000)
  region size 1024K, 13 young (13312K), 5 survivors (5120K)
 Metaspace       used 83081K, committed 83712K, reserved 1179648K
  class space    used 11540K, committed 11840K, reserved 1048576K

Heap Regions: E=young(eden), S=young(survivor), O=old, HS=humongous(starts), HC=humongous(continues), CS=collection set, F=free, OA=open archive, CA=closed archive, TAMS=top-at-mark-start (previous, next)
|   0|0x00000000c1600000, 0x00000000c1700000, 0x00000000c1700000|100%|HS|  |TAMS 0x00000000c1700000, 0x00000000c1600000| Complete 
|   1|0x00000000c1700000, 0x00000000c1800000, 0x00000000c1800000|100%|HS|  |TAMS 0x00000000c1800000, 0x00000000c1700000| Complete 
|   2|0x00000000c1800000, 0x00000000c1900000, 0x00000000c1900000|100%| O|  |TAMS 0x00000000c1900000, 0x00000000c1800000| Untracked 
|   3|0x00000000c1900000, 0x00000000c1a00000, 0x00000000c1a00000|100%| O|  |TAMS 0x00000000c1a00000, 0x00000000c1900000| Untracked 
|   4|0x00000000c1a00000, 0x00000000c1b00000, 0x00000000c1b00000|100%| O|  |TAMS 0x00000000c1b00000, 0x00000000c1a00000| Untracked 
|   5|0x00000000c1b00000, 0x00000000c1c00000, 0x00000000c1c00000|100%| O|  |TAMS 0x00000000c1c00000, 0x00000000c1b00000| Untracked 
|   6|0x00000000c1c00000, 0x00000000c1d00000, 0x00000000c1d00000|100%| O|  |TAMS 0x00000000c1d00000, 0x00000000c1c00000| Untracked 
|   7|0x00000000c1d00000, 0x00000000c1e00000, 0x00000000c1e00000|100%| O|  |TAMS 0x00000000c1e00000, 0x00000000c1d00000| Untracked 
|   8|0x00000000c1e00000, 0x00000000c1f00000, 0x00000000c1f00000|100%| O|  |TAMS 0x00000000c1f00000, 0x00000000c1e00000| Untracked 
|   9|0x00000000c1f00000, 0x00000000c2000000, 0x00000000c2000000|100%| O|  |TAMS 0x00000000c2000000, 0x00000000c1f00000| Untracked 
|  10|0x00000000c2000000, 0x00000000c2100000, 0x00000000c2100000|100%| O|  |TAMS 0x00000000c2100000, 0x00000000c2000000| Untracked 
|  11|0x00000000c2100000, 0x00000000c2200000, 0x00000000c2200000|100%| O|  |TAMS 0x00000000c2200000, 0x00000000c2100000| Untracked 
|  12|0x00000000c2200000, 0x00000000c2300000, 0x00000000c2300000|100%| O|  |TAMS 0x00000000c2300000, 0x00000000c2200000| Untracked 
|  13|0x00000000c2300000, 0x00000000c2400000, 0x00000000c2400000|100%| O|  |TAMS 0x00000000c2400000, 0x00000000c2300000| Untracked 
|  14|0x00000000c2400000, 0x00000000c24e8600, 0x00000000c2500000| 90%| O|  |TAMS 0x00000000c24e8600, 0x00000000c2400000| Untracked 
|  15|0x00000000c2500000, 0x00000000c2600000, 0x00000000c2600000|100%| O|  |TAMS 0x00000000c2600000, 0x00000000c2500000| Untracked 
|  16|0x00000000c2600000, 0x00000000c2700000, 0x00000000c2700000|100%| O|  |TAMS 0x00000000c2700000, 0x00000000c2600000| Untracked 
|  17|0x00000000c2700000, 0x00000000c2800000, 0x00000000c2800000|100%| O|  |TAMS 0x00000000c2800000, 0x00000000c2700000| Untracked 
|  18|0x00000000c2800000, 0x00000000c2900000, 0x00000000c2900000|100%| O|  |TAMS 0x00000000c2900000, 0x00000000c2800000| Untracked 
|  19|0x00000000c2900000, 0x00000000c2a00000, 0x00000000c2a00000|100%| O|  |TAMS 0x00000000c2a00000, 0x00000000c2900000| Untracked 
|  20|0x00000000c2a00000, 0x00000000c2b00000, 0x00000000c2b00000|100%| O|  |TAMS 0x00000000c2b00000, 0x00000000c2a00000| Untracked 
|  21|0x00000000c2b00000, 0x00000000c2c00000, 0x00000000c2c00000|100%| O|  |TAMS 0x00000000c2c00000, 0x00000000c2b00000| Untracked 
|  22|0x00000000c2c00000, 0x00000000c2d00000, 0x00000000c2d00000|100%| O|  |TAMS 0x00000000c2d00000, 0x00000000c2c00000| Untracked 
|  23|0x00000000c2d00000, 0x00000000c2e00000, 0x00000000c2e00000|100%| O|  |TAMS 0x00000000c2e00000, 0x00000000c2d00000| Untracked 
|  24|0x00000000c2e00000, 0x00000000c2f00000, 0x00000000c2f00000|100%| O|  |TAMS 0x00000000c2f00000, 0x00000000c2e00000| Untracked 
|  25|0x00000000c2f00000, 0x00000000c3000000, 0x00000000c3000000|100%| O|  |TAMS 0x00000000c3000000, 0x00000000c2f00000| Untracked 
|  26|0x00000000c3000000, 0x00000000c3100000, 0x00000000c3100000|100%| O|  |TAMS 0x00000000c3100000, 0x00000000c3000000| Untracked 
|  27|0x00000000c3100000, 0x00000000c3200000, 0x00000000c3200000|100%| O|  |TAMS 0x00000000c3200000, 0x00000000c3100000| Untracked 
|  28|0x00000000c3200000, 0x00000000c3300000, 0x00000000c3300000|100%| O|  |TAMS 0x00000000c3300000, 0x00000000c3200000| Untracked 
|  29|0x00000000c3300000, 0x00000000c3400000, 0x00000000c3400000|100%| O|  |TAMS 0x00000000c3400000, 0x00000000c3300000| Untracked 
|  30|0x00000000c3400000, 0x00000000c3500000, 0x00000000c3500000|100%| O|  |TAMS 0x00000000c3500000, 0x00000000c3400000| Untracked 
|  31|0x00000000c3500000, 0x00000000c3600000, 0x00000000c3600000|100%| O|  |TAMS 0x00000000c3559408, 0x00000000c3500000| Untracked 
|  32|0x00000000c3600000, 0x00000000c3700000, 0x00000000c3700000|100%| O|  |TAMS 0x00000000c3600000, 0x00000000c3600000| Untracked 
|  33|0x00000000c3700000, 0x00000000c3800000, 0x00000000c3800000|100%| O|  |TAMS 0x00000000c3700000, 0x00000000c3700000| Untracked 
|  34|0x00000000c3800000, 0x00000000c3870000, 0x00000000c3900000| 43%| O|  |TAMS 0x00000000c3800000, 0x00000000c3800000| Untracked 
|  35|0x00000000c3900000, 0x00000000c3900000, 0x00000000c3a00000|  0%| F|  |TAMS 0x00000000c3900000, 0x00000000c3900000| Untracked 
|  36|0x00000000c3a00000, 0x00000000c3a00000, 0x00000000c3b00000|  0%| F|  |TAMS 0x00000000c3a00000, 0x00000000c3a00000| Untracked 
|  37|0x00000000c3b00000, 0x00000000c3b00000, 0x00000000c3c00000|  0%| F|  |TAMS 0x00000000c3b00000, 0x00000000c3b00000| Untracked 
|  38|0x00000000c3c00000, 0x00000000c3c00000, 0x00000000c3d00000|  0%| F|  |TAMS 0x00000000c3c00000, 0x00000000c3c00000| Untracked 
|  39|0x00000000c3d00000, 0x00000000c3d00000, 0x00000000c3e00000|  0%| F|  |TAMS 0x00000000c3d00000, 0x00000000c3d00000| Untracked 
|  40|0x00000000c3e00000, 0x00000000c3e00000, 0x00000000c3f00000|  0%| F|  |TAMS 0x00000000c3e00000, 0x00000000c3e00000| Untracked 
|  41|0x00000000c3f00000, 0x00000000c3f00000, 0x00000000c4000000|  0%| F|  |TAMS 0x00000000c3f00000, 0x00000000c3f00000| Untracked 
|  42|0x00000000c4000000, 0x00000000c4000000, 0x00000000c4100000|  0%| F|  |TAMS 0x00000000c4000000, 0x00000000c4000000| Untracked 
|  43|0x00000000c4100000, 0x00000000c412e920, 0x00000000c4200000| 18%| S|CS|TAMS 0x00000000c4100000, 0x00000000c4100000| Complete 
|  44|0x00000000c4200000, 0x00000000c4300000, 0x00000000c4300000|100%| S|CS|TAMS 0x00000000c4200000, 0x00000000c4200000| Complete 
|  45|0x00000000c4300000, 0x00000000c4400000, 0x00000000c4400000|100%| S|CS|TAMS 0x00000000c4300000, 0x00000000c4300000| Complete 
|  46|0x00000000c4400000, 0x00000000c4400000, 0x00000000c4500000|  0%| F|  |TAMS 0x00000000c4400000, 0x00000000c4400000| Untracked 
|  47|0x00000000c4500000, 0x00000000c4500000, 0x00000000c4600000|  0%| F|  |TAMS 0x00000000c4500000, 0x00000000c4500000| Untracked 
|  48|0x00000000c4600000, 0x00000000c4600000, 0x00000000c4700000|  0%| F|  |TAMS 0x00000000c4600000, 0x00000000c4600000| Untracked 
|  49|0x00000000c4700000, 0x00000000c4700000, 0x00000000c4800000|  0%| F|  |TAMS 0x00000000c4700000, 0x00000000c4700000| Untracked 
|  50|0x00000000c4800000, 0x00000000c4800000, 0x00000000c4900000|  0%| F|  |TAMS 0x00000000c4800000, 0x00000000c4800000| Untracked 
|  51|0x00000000c4900000, 0x00000000c4a00000, 0x00000000c4a00000|100%| S|CS|TAMS 0x00000000c4900000, 0x00000000c4900000| Complete 
|  52|0x00000000c4a00000, 0x00000000c4b00000, 0x00000000c4b00000|100%| S|CS|TAMS 0x00000000c4a00000, 0x00000000c4a00000| Complete 
|  53|0x00000000c4b00000, 0x00000000c4b00000, 0x00000000c4c00000|  0%| F|  |TAMS 0x00000000c4b00000, 0x00000000c4b00000| Untracked 
|  54|0x00000000c4c00000, 0x00000000c4c00000, 0x00000000c4d00000|  0%| F|  |TAMS 0x00000000c4c00000, 0x00000000c4c00000| Untracked 
|  55|0x00000000c4d00000, 0x00000000c4d00000, 0x00000000c4e00000|  0%| F|  |TAMS 0x00000000c4d00000, 0x00000000c4d00000| Untracked 
|  56|0x00000000c4e00000, 0x00000000c4e00000, 0x00000000c4f00000|  0%| F|  |TAMS 0x00000000c4e00000, 0x00000000c4e00000| Untracked 
|  57|0x00000000c4f00000, 0x00000000c4f00000, 0x00000000c5000000|  0%| F|  |TAMS 0x00000000c4f00000, 0x00000000c4f00000| Untracked 
|  58|0x00000000c5000000, 0x00000000c5000000, 0x00000000c5100000|  0%| F|  |TAMS 0x00000000c5000000, 0x00000000c5000000| Untracked 
|  59|0x00000000c5100000, 0x00000000c5100000, 0x00000000c5200000|  0%| F|  |TAMS 0x00000000c5100000, 0x00000000c5100000| Untracked 
|  60|0x00000000c5200000, 0x00000000c5200000, 0x00000000c5300000|  0%| F|  |TAMS 0x00000000c5200000, 0x00000000c5200000| Untracked 
|  61|0x00000000c5300000, 0x00000000c5300000, 0x00000000c5400000|  0%| F|  |TAMS 0x00000000c5300000, 0x00000000c5300000| Untracked 
|  62|0x00000000c5400000, 0x00000000c5400000, 0x00000000c5500000|  0%| F|  |TAMS 0x00000000c5400000, 0x00000000c5400000| Untracked 
|  63|0x00000000c5500000, 0x00000000c5500000, 0x00000000c5600000|  0%| F|  |TAMS 0x00000000c5500000, 0x00000000c5500000| Untracked 
|  64|0x00000000c5600000, 0x00000000c5600000, 0x00000000c5700000|  0%| F|  |TAMS 0x00000000c5600000, 0x00000000c5600000| Untracked 
|  65|0x00000000c5700000, 0x00000000c5700000, 0x00000000c5800000|  0%| F|  |TAMS 0x00000000c5700000, 0x00000000c5700000| Untracked 
|  66|0x00000000c5800000, 0x00000000c5800000, 0x00000000c5900000|  0%| F|  |TAMS 0x00000000c5800000, 0x00000000c5800000| Untracked 
|  67|0x00000000c5900000, 0x00000000c5900000, 0x00000000c5a00000|  0%| F|  |TAMS 0x00000000c5900000, 0x00000000c5900000| Untracked 
|  68|0x00000000c5a00000, 0x00000000c5a00000, 0x00000000c5b00000|  0%| F|  |TAMS 0x00000000c5a00000, 0x00000000c5a00000| Untracked 
|  69|0x00000000c5b00000, 0x00000000c5b00000, 0x00000000c5c00000|  0%| F|  |TAMS 0x00000000c5b00000, 0x00000000c5b00000| Untracked 
|  70|0x00000000c5c00000, 0x00000000c5c00000, 0x00000000c5d00000|  0%| F|  |TAMS 0x00000000c5c00000, 0x00000000c5c00000| Untracked 
|  71|0x00000000c5d00000, 0x00000000c5d00000, 0x00000000c5e00000|  0%| F|  |TAMS 0x00000000c5d00000, 0x00000000c5d00000| Untracked 
|  72|0x00000000c5e00000, 0x00000000c5e00000, 0x00000000c5f00000|  0%| F|  |TAMS 0x00000000c5e00000, 0x00000000c5e00000| Untracked 
|  73|0x00000000c5f00000, 0x00000000c5f00000, 0x00000000c6000000|  0%| F|  |TAMS 0x00000000c5f00000, 0x00000000c5f00000| Untracked 
|  74|0x00000000c6000000, 0x00000000c6000000, 0x00000000c6100000|  0%| F|  |TAMS 0x00000000c6000000, 0x00000000c6000000| Untracked 
|  75|0x00000000c6100000, 0x00000000c61c5a70, 0x00000000c6200000| 77%| E|  |TAMS 0x00000000c6100000, 0x00000000c6100000| Complete 
|  76|0x00000000c6200000, 0x00000000c6300000, 0x00000000c6300000|100%| E|CS|TAMS 0x00000000c6200000, 0x00000000c6200000| Complete 
|  77|0x00000000c6300000, 0x00000000c6400000, 0x00000000c6400000|100%| E|  |TAMS 0x00000000c6300000, 0x00000000c6300000| Complete 
|  78|0x00000000c6400000, 0x00000000c6500000, 0x00000000c6500000|100%| E|CS|TAMS 0x00000000c6400000, 0x00000000c6400000| Complete 
|  79|0x00000000c6500000, 0x00000000c6600000, 0x00000000c6600000|100%| E|CS|TAMS 0x00000000c6500000, 0x00000000c6500000| Complete 
|  80|0x00000000c6600000, 0x00000000c6700000, 0x00000000c6700000|100%| E|CS|TAMS 0x00000000c6600000, 0x00000000c6600000| Complete 
|  81|0x00000000c6700000, 0x00000000c6800000, 0x00000000c6800000|100%| E|CS|TAMS 0x00000000c6700000, 0x00000000c6700000| Complete 
|  82|0x00000000c6800000, 0x00000000c6900000, 0x00000000c6900000|100%| E|CS|TAMS 0x00000000c6800000, 0x00000000c6800000| Complete 

Card table byte_map: [0x00000245c7820000,0x00000245c7a20000] _byte_map_base: 0x00000245c7215000

Marking Bits (Prev, Next): (CMBitMap*) 0x00000245b0db6c80, (CMBitMap*) 0x00000245b0db6cc0
 Prev Bits: [0x00000245c7c20000, 0x00000245c8bc8000)
 Next Bits: [0x00000245c8bd0000, 0x00000245c9b78000)

Polling page: 0x00000245aed70000

Metaspace:

Usage:
  Non-class:     69.86 MB used.
      Class:     11.27 MB used.
       Both:     81.13 MB used.

Virtual space:
  Non-class space:      128.00 MB reserved,      70.19 MB ( 55%) committed,  2 nodes.
      Class space:        1.00 GB reserved,      11.56 MB (  1%) committed,  1 nodes.
             Both:        1.12 GB reserved,      81.75 MB (  7%) committed. 

Chunk freelists:
   Non-Class:  9.03 MB
       Class:  4.31 MB
        Both:  13.34 MB

MaxMetaspaceSize: unlimited
CompressedClassSpaceSize: 1.00 GB
Initial GC threshold: 21.00 MB
Current GC threshold: 125.44 MB
CDS: on
MetaspaceReclaimPolicy: balanced
 - commit_granule_bytes: 65536.
 - commit_granule_words: 8192.
 - virtual_space_node_default_size: 8388608.
 - enlarge_chunks_in_place: 1.
 - new_chunks_are_fully_committed: 0.
 - uncommit_free_chunks: 1.
 - use_allocation_guard: 0.
 - handle_deallocations: 1.


Internal statistics:

num_allocs_failed_limit: 6.
num_arena_births: 932.
num_arena_deaths: 0.
num_vsnodes_births: 3.
num_vsnodes_deaths: 0.
num_space_committed: 1308.
num_space_uncommitted: 0.
num_chunks_returned_to_freelist: 6.
num_chunks_taken_from_freelist: 3939.
num_chunk_merges: 6.
num_chunk_splits: 2857.
num_chunks_enlarged: 2247.
num_inconsistent_stats: 0.

CodeHeap 'non-profiled nmethods': size=120000Kb used=4072Kb max_used=4072Kb free=115927Kb
 bounds [0x00000245c00f0000, 0x00000245c04f0000, 0x00000245c7620000]
CodeHeap 'profiled nmethods': size=120000Kb used=13552Kb max_used=13552Kb free=106448Kb
 bounds [0x00000245b8620000, 0x00000245b9360000, 0x00000245bfb50000]
CodeHeap 'non-nmethods': size=5760Kb used=1390Kb max_used=1440Kb free=4369Kb
 bounds [0x00000245bfb50000, 0x00000245bfdc0000, 0x00000245c00f0000]
 total_blobs=8139 nmethods=7415 adapters=635
 compilation: enabled
              stopped_count=0, restarted_count=0
 full_count=0

Compilation events (20 events):
Event: 561.293 Thread 0x000002460d138000 8203       3       org.springframework.core.annotation.AnnotationTypeMapping::isAliasPair (17 bytes)
Event: 561.293 Thread 0x000002460d138000 nmethod 8203 0x00000245b9359810 code [0x00000245b93599a0, 0x00000245b9359b38]
Event: 561.301 Thread 0x000002460d137550 nmethod 8199 0x00000245c04e4890 code [0x00000245c04e4b20, 0x00000245c04e76a8]
Event: 561.302 Thread 0x000002460d137550 8204       4       java.util.AbstractCollection::addAll (42 bytes)
Event: 561.306 Thread 0x000002460d137550 nmethod 8204 0x00000245c04e8e10 code [0x00000245c04e8fa0, 0x00000245c04e90d8]
Event: 561.306 Thread 0x000002460d137550 8200       4       org.springframework.util.Assert::state (14 bytes)
Event: 561.306 Thread 0x000002460d137550 nmethod 8200 0x00000245c04e9290 code [0x00000245c04e9400, 0x00000245c04e9478]
Event: 561.382 Thread 0x000002460d137550 8205       4       java.util.Arrays$ArrayItr::next (36 bytes)
Event: 561.384 Thread 0x000002460d137550 nmethod 8205 0x00000245c04e9590 code [0x00000245c04e9700, 0x00000245c04e97d8]
Event: 561.384 Thread 0x000002460d137550 8206       4       java.lang.StringBuilder::append (6 bytes)
Event: 561.391 Thread 0x000002460d137550 nmethod 8206 0x00000245c04e9890 code [0x00000245c04e9a40, 0x00000245c04e9e28]
Event: 561.461 Thread 0x000002460d138000 8207       3       org.springframework.core.annotation.AnnotationTypeMapping::processAliases (199 bytes)
Event: 561.468 Thread 0x000002460d138000 nmethod 8207 0x00000245b9359c10 code [0x00000245b9359ea0, 0x00000245b935ac78]
Event: 561.856 Thread 0x000002460d137550 8208   !   4       java.lang.reflect.Executable::declaredAnnotations (85 bytes)
Event: 562.315 Thread 0x000002460d138000 8209       3       org.hibernate.query.sql.internal.ParameterRecognizerImpl::other (10 bytes)
Event: 562.315 Thread 0x000002460d138000 nmethod 8209 0x00000245b935b310 code [0x00000245b935b4c0, 0x00000245b935b668]
Event: 562.356 Thread 0x000002460d138000 8210       3       org.hibernate.internal.AbstractSharedSessionContract::isClosed (23 bytes)
Event: 562.357 Thread 0x000002460d138000 nmethod 8210 0x00000245b935b790 code [0x00000245b935b940, 0x00000245b935bbd8]
Event: 562.357 Thread 0x000002460d138000 8211       3       org.hibernate.internal.SessionFactoryImpl::isClosed (16 bytes)
Event: 562.357 Thread 0x000002460d138000 nmethod 8211 0x00000245b935bc90 code [0x00000245b935be20, 0x00000245b935bf98]

GC Heap History (20 events):
Event: 19.166 GC heap before
{Heap before GC invocations=14 (full 0):
 garbage-first heap   total 58368K, used 45128K [0x00000000c1600000, 0x0000000100000000)
  region size 1024K, 22 young (22528K), 3 survivors (3072K)
 Metaspace       used 53002K, committed 53440K, reserved 1114112K
  class space    used 6994K, committed 7168K, reserved 1048576K
}
Event: 19.179 GC heap after
{Heap after GC invocations=15 (full 0):
 garbage-first heap   total 58368K, used 27330K [0x00000000c1600000, 0x0000000100000000)
  region size 1024K, 2 young (2048K), 2 survivors (2048K)
 Metaspace       used 53002K, committed 53440K, reserved 1114112K
  class space    used 6994K, committed 7168K, reserved 1048576K
}
Event: 19.853 GC heap before
{Heap before GC invocations=15 (full 0):
 garbage-first heap   total 58368K, used 44738K [0x00000000c1600000, 0x0000000100000000)
  region size 1024K, 20 young (20480K), 2 survivors (2048K)
 Metaspace       used 57037K, committed 57472K, reserved 1114112K
  class space    used 7574K, committed 7744K, reserved 1048576K
}
Event: 19.864 GC heap after
{Heap after GC invocations=16 (full 0):
 garbage-first heap   total 70656K, used 27767K [0x00000000c1600000, 0x0000000100000000)
  region size 1024K, 2 young (2048K), 2 survivors (2048K)
 Metaspace       used 57037K, committed 57472K, reserved 1114112K
  class space    used 7574K, committed 7744K, reserved 1048576K
}
Event: 20.913 GC heap before
{Heap before GC invocations=17 (full 0):
 garbage-first heap   total 70656K, used 56439K [0x00000000c1600000, 0x0000000100000000)
  region size 1024K, 30 young (30720K), 2 survivors (2048K)
 Metaspace       used 61443K, committed 61952K, reserved 1114112K
  class space    used 8309K, committed 8512K, reserved 1048576K
}
Event: 20.923 GC heap after
{Heap after GC invocations=18 (full 0):
 garbage-first heap   total 70656K, used 28530K [0x00000000c1600000, 0x0000000100000000)
  region size 1024K, 3 young (3072K), 3 survivors (3072K)
 Metaspace       used 61443K, committed 61952K, reserved 1114112K
  class space    used 8309K, committed 8512K, reserved 1048576K
}
Event: 22.221 GC heap before
{Heap before GC invocations=18 (full 0):
 garbage-first heap   total 70656K, used 57202K [0x00000000c1600000, 0x0000000100000000)
  region size 1024K, 31 young (31744K), 3 survivors (3072K)
 Metaspace       used 67163K, committed 67648K, reserved 1114112K
  class space    used 9076K, committed 9280K, reserved 1048576K
}
Event: 22.235 GC heap after
{Heap after GC invocations=19 (full 0):
 garbage-first heap   total 70656K, used 30194K [0x00000000c1600000, 0x0000000100000000)
  region size 1024K, 4 young (4096K), 4 survivors (4096K)
 Metaspace       used 67163K, committed 67648K, reserved 1114112K
  class space    used 9076K, committed 9280K, reserved 1048576K
}
Event: 23.035 GC heap before
{Heap before GC invocations=19 (full 0):
 garbage-first heap   total 70656K, used 56818K [0x00000000c1600000, 0x0000000100000000)
  region size 1024K, 30 young (30720K), 4 survivors (4096K)
 Metaspace       used 70979K, committed 71552K, reserved 1114112K
  class space    used 9784K, committed 10048K, reserved 1048576K
}
Event: 23.054 GC heap after
{Heap after GC invocations=20 (full 0):
 garbage-first heap   total 70656K, used 31972K [0x00000000c1600000, 0x0000000100000000)
  region size 1024K, 4 young (4096K), 4 survivors (4096K)
 Metaspace       used 70979K, committed 71552K, reserved 1114112K
  class space    used 9784K, committed 10048K, reserved 1048576K
}
Event: 23.505 GC heap before
{Heap before GC invocations=20 (full 0):
 garbage-first heap   total 70656K, used 56548K [0x00000000c1600000, 0x0000000100000000)
  region size 1024K, 29 young (29696K), 4 survivors (4096K)
 Metaspace       used 72791K, committed 73344K, reserved 1114112K
  class space    used 10169K, committed 10432K, reserved 1048576K
}
Event: 23.521 GC heap after
{Heap after GC invocations=21 (full 0):
 garbage-first heap   total 70656K, used 33482K [0x00000000c1600000, 0x0000000100000000)
  region size 1024K, 4 young (4096K), 4 survivors (4096K)
 Metaspace       used 72791K, committed 73344K, reserved 1114112K
  class space    used 10169K, committed 10432K, reserved 1048576K
}
Event: 23.969 GC heap before
{Heap before GC invocations=21 (full 0):
 garbage-first heap   total 70656K, used 56010K [0x00000000c1600000, 0x0000000100000000)
  region size 1024K, 27 young (27648K), 4 survivors (4096K)
 Metaspace       used 74694K, committed 75328K, reserved 1114112K
  class space    used 10407K, committed 10688K, reserved 1048576K
}
Event: 23.982 GC heap after
{Heap after GC invocations=22 (full 0):
 garbage-first heap   total 70656K, used 34054K [0x00000000c1600000, 0x0000000100000000)
  region size 1024K, 2 young (2048K), 2 survivors (2048K)
 Metaspace       used 74694K, committed 75328K, reserved 1114112K
  class space    used 10407K, committed 10688K, reserved 1048576K
}
Event: 24.774 GC heap before
{Heap before GC invocations=22 (full 0):
 garbage-first heap   total 70656K, used 58630K [0x00000000c1600000, 0x0000000100000000)
  region size 1024K, 26 young (26624K), 2 survivors (2048K)
 Metaspace       used 76179K, committed 76864K, reserved 1179648K
  class space    used 10572K, committed 10880K, reserved 1048576K
}
Event: 24.782 GC heap after
{Heap after GC invocations=23 (full 0):
 garbage-first heap   total 84992K, used 35386K [0x00000000c1600000, 0x0000000100000000)
  region size 1024K, 4 young (4096K), 4 survivors (4096K)
 Metaspace       used 76179K, committed 76864K, reserved 1179648K
  class space    used 10572K, committed 10880K, reserved 1048576K
}
Event: 25.764 GC heap before
{Heap before GC invocations=24 (full 0):
 garbage-first heap   total 84992K, used 68154K [0x00000000c1600000, 0x0000000100000000)
  region size 1024K, 36 young (36864K), 4 survivors (4096K)
 Metaspace       used 78394K, committed 78976K, reserved 1179648K
  class space    used 10903K, committed 11200K, reserved 1048576K
}
Event: 25.774 GC heap after
{Heap after GC invocations=25 (full 0):
 garbage-first heap   total 84992K, used 37580K [0x00000000c1600000, 0x0000000100000000)
  region size 1024K, 5 young (5120K), 5 survivors (5120K)
 Metaspace       used 78394K, committed 78976K, reserved 1179648K
  class space    used 10903K, committed 11200K, reserved 1048576K
}
Event: 102.017 GC heap before
{Heap before GC invocations=25 (full 0):
 garbage-first heap   total 84992K, used 68300K [0x00000000c1600000, 0x0000000100000000)
  region size 1024K, 35 young (35840K), 5 survivors (5120K)
 Metaspace       used 81150K, committed 81792K, reserved 1179648K
  class space    used 11282K, committed 11584K, reserved 1048576K
}
Event: 102.097 GC heap after
{Heap after GC invocations=26 (full 0):
 garbage-first heap   total 84992K, used 39451K [0x00000000c1600000, 0x0000000100000000)
  region size 1024K, 5 young (5120K), 5 survivors (5120K)
 Metaspace       used 81150K, committed 81792K, reserved 1179648K
  class space    used 11282K, committed 11584K, reserved 1048576K
}

Deoptimization events (20 events):
Event: 102.539 Thread 0x000002461336efa0 Uncommon trap: trap_request=0xffffff45 fr.pc=0x00000245c0393b18 relative=0x00000000000001f8
Event: 102.539 Thread 0x000002461336efa0 Uncommon trap: reason=unstable_if action=reinterpret pc=0x00000245c0393b18 method=java.lang.String.indexOf(Ljava/lang/String;)I @ 10 c2
Event: 102.539 Thread 0x000002461336efa0 DEOPT PACKING pc=0x00000245c0393b18 sp=0x000000b0268fdcd0
Event: 102.539 Thread 0x000002461336efa0 DEOPT UNPACKING pc=0x00000245bfba23a3 sp=0x000000b0268fdc08 mode 2
Event: 102.539 Thread 0x000002461336efa0 Uncommon trap: trap_request=0xffffff45 fr.pc=0x00000245c0166bd0 relative=0x00000000000001d0
Event: 102.539 Thread 0x000002461336efa0 Uncommon trap: reason=unstable_if action=reinterpret pc=0x00000245c0166bd0 method=java.lang.String.indexOf(Ljava/lang/String;)I @ 10 c2
Event: 102.539 Thread 0x000002461336efa0 DEOPT PACKING pc=0x00000245c0166bd0 sp=0x000000b0268fdc70
Event: 102.539 Thread 0x000002461336efa0 DEOPT UNPACKING pc=0x00000245bfba23a3 sp=0x000000b0268fdc10 mode 2
Event: 102.623 Thread 0x000002461336efa0 Uncommon trap: trap_request=0xffffff45 fr.pc=0x00000245c029474c relative=0x000000000000020c
Event: 102.623 Thread 0x000002461336efa0 Uncommon trap: reason=unstable_if action=reinterpret pc=0x00000245c029474c method=org.springframework.util.AntPathMatcher.skipSegment(Ljava/lang/String;ILjava/lang/String;)I @ 60 c2
Event: 102.623 Thread 0x000002461336efa0 DEOPT PACKING pc=0x00000245c029474c sp=0x000000b0268fd020
Event: 102.623 Thread 0x000002461336efa0 DEOPT UNPACKING pc=0x00000245bfba23a3 sp=0x000000b0268fcfa8 mode 2
Event: 102.680 Thread 0x000002461336efa0 Uncommon trap: trap_request=0xffffff45 fr.pc=0x00000245c0167030 relative=0x00000000000001b0
Event: 102.680 Thread 0x000002461336efa0 Uncommon trap: reason=unstable_if action=reinterpret pc=0x00000245c0167030 method=java.lang.StringLatin1.indexOf([B[B)I @ 9 c2
Event: 102.680 Thread 0x000002461336efa0 DEOPT PACKING pc=0x00000245c0167030 sp=0x000000b0268fdc00
Event: 102.680 Thread 0x000002461336efa0 DEOPT UNPACKING pc=0x00000245bfba23a3 sp=0x000000b0268fdb90 mode 2
Event: 562.284 Thread 0x0000024613372750 Uncommon trap: trap_request=0xffffffde fr.pc=0x00000245c02e9314 relative=0x0000000000002734
Event: 562.285 Thread 0x0000024613372750 Uncommon trap: reason=class_check action=maybe_recompile pc=0x00000245c02e9314 method=java.util.concurrent.ConcurrentMap.computeIfAbsent(Ljava/lang/Object;Ljava/util/function/Function;)Ljava/lang/Object; @ 7 c2
Event: 562.285 Thread 0x0000024613372750 DEOPT PACKING pc=0x00000245c02e9314 sp=0x000000b026bf7410
Event: 562.288 Thread 0x0000024613372750 DEOPT UNPACKING pc=0x00000245bfba23a3 sp=0x000000b026bf7438 mode 2

Classes unloaded (0 events):
No events

Classes redefined (0 events):
No events

Internal exceptions (20 events):
Event: 24.125 Thread 0x00000245b0d7ad50 Implicit null exception at 0x00000245c012b8ec to 0x00000245c012b994
Event: 24.127 Thread 0x00000245b0d7ad50 Exception <a 'java/lang/reflect/InvocationTargetException'{0x00000000c561df90}> (0x00000000c561df90) 
thrown [s\open\src\hotspot\share\runtime\reflection.cpp, line 1121]
Event: 24.426 Thread 0x00000245b0d7ad50 Exception <a 'java/lang/reflect/InvocationTargetException'{0x00000000c51efe50}> (0x00000000c51efe50) 
thrown [s\open\src\hotspot\share\runtime\reflection.cpp, line 1121]
Event: 24.431 Thread 0x00000245b0d7ad50 Exception <a 'java/lang/reflect/InvocationTargetException'{0x00000000c51f9af8}> (0x00000000c51f9af8) 
thrown [s\open\src\hotspot\share\runtime\reflection.cpp, line 1121]
Event: 24.437 Thread 0x00000245b0d7ad50 Exception <a 'java/lang/reflect/InvocationTargetException'{0x00000000c5003de0}> (0x00000000c5003de0) 
thrown [s\open\src\hotspot\share\runtime\reflection.cpp, line 1121]
Event: 24.498 Thread 0x00000245b0d7ad50 Exception <a 'java/io/FileNotFoundException'{0x00000000c4e54d08}> (0x00000000c4e54d08) 
thrown [s\open\src\hotspot\share\prims\jni.cpp, line 516]
Event: 24.500 Thread 0x00000245b0d7ad50 Exception <a 'java/io/FileNotFoundException'{0x00000000c4e61918}> (0x00000000c4e61918) 
thrown [s\open\src\hotspot\share\prims\jni.cpp, line 516]
Event: 24.605 Thread 0x00000245b0d7ad50 Exception <a 'java/lang/reflect/InvocationTargetException'{0x00000000c4b49ea0}> (0x00000000c4b49ea0) 
thrown [s\open\src\hotspot\share\runtime\reflection.cpp, line 1121]
Event: 24.660 Thread 0x00000245b0d7ad50 Exception <a 'java/lang/reflect/InvocationTargetException'{0x00000000c4829668}> (0x00000000c4829668) 
thrown [s\open\src\hotspot\share\runtime\reflection.cpp, line 1121]
Event: 25.534 Thread 0x00000245b0d7ad50 Exception <a 'sun/nio/fs/WindowsException'{0x00000000c5292cb0}> (0x00000000c5292cb0) 
thrown [s\open\src\hotspot\share\prims\jni.cpp, line 516]
Event: 25.653 Thread 0x00000245b0d7ad50 Exception <a 'java/lang/IncompatibleClassChangeError'{0x00000000c4db90a8}: Found class java.lang.Object, but interface was expected> (0x00000000c4db90a8) 
thrown [s\open\src\hotspot\share\interpreter\linkResolver.cpp, line 826]
Event: 25.963 Thread 0x00000245b0d7ad50 Exception <a 'java/lang/NoSuchMethodError'{0x00000000c62fbc30}: 'java.lang.Object java.lang.invoke.DirectMethodHandle$Holder.invokeInterface(java.lang.Object, java.lang.Object, java.lang.Object, java.lang.Object)'> (0x00000000c62fbc30) 
thrown [s\open\src\hotspot\share\interpreter\linkResolver.cpp, line 759]
Event: 26.052 Thread 0x00000245b0d7ad50 Exception <a 'java/lang/NoSuchMethodError'{0x00000000c5e456d0}: 'void java.lang.invoke.DirectMethodHandle$Holder.invokeVirtual(java.lang.Object, java.lang.Object, long)'> (0x00000000c5e456d0) 
thrown [s\open\src\hotspot\share\interpreter\linkResolver.cpp, line 759]
Event: 26.252 Thread 0x00000245b0d7ad50 Exception <a 'java/lang/IncompatibleClassChangeError'{0x00000000c5724cc8}: Found class java.lang.Object, but interface was expected> (0x00000000c5724cc8) 
thrown [s\open\src\hotspot\share\interpreter\linkResolver.cpp, line 826]
Event: 26.369 Thread 0x00000245b0d7ad50 Exception <a 'java/lang/NoSuchMethodError'{0x00000000c55c0120}: 'java.lang.Object java.lang.invoke.DirectMethodHandle$Holder.invokeSpecial(java.lang.Object, java.lang.Object, java.lang.Object, java.lang.Object, java.lang.Object, java.lang.Object, java.lang.Object, java.lang.Object, java.lang.Object, java.lang.Object, java.lang.Object)'> (0x00000000c55c0120) 
thrown [s\open\src\hotspot\share\interpreter\linkResolver.cpp, line 759]
Event: 26.369 Thread 0x00000245b0d7ad50 Exception <a 'java/lang/NoSuchMethodError'{0x00000000c55c4550}: 'java.lang.Object java.lang.invoke.Invokers$Holder.invoke_MT(java.lang.Object, java.lang.Object, java.lang.Object, java.lang.Object, java.lang.Object, java.lang.Object, java.lang.Object, java.lang.Object, java.lang.Object, java.lang.Object, java.lang.Object)'> (0x00000000c55c4550) 
thrown [s\open\src\hotspot\share\interpreter\linkResolver.cpp, line 759]
Event: 26.472 Thread 0x00000245b0d7ad50 Exception <a 'java/lang/NoSuchMethodError'{0x00000000c504e108}: 'java.lang.Object java.lang.invoke.DirectMethodHandle$Holder.newInvokeSpecial(java.lang.Object, java.lang.Object, int, java.lang.Object, java.lang.Object)'> (0x00000000c504e108) 
thrown [s\open\src\hotspot\share\interpreter\linkResolver.cpp, line 759]
Event: 101.955 Thread 0x000002461336efa0 Exception <a 'java/lang/NoSuchMethodError'{0x00000000c4bae3a0}: 'java.lang.Object java.lang.invoke.DirectMethodHandle$Holder.invokeSpecial(java.lang.Object, java.lang.Object, java.lang.Object, java.lang.Object, java.lang.Object, long)'> (0x00000000c4bae3a0) 
thrown [s\open\src\hotspot\share\interpreter\linkResolver.cpp, line 759]
Event: 101.957 Thread 0x000002461336efa0 Exception <a 'java/lang/NoSuchMethodError'{0x00000000c4bb1de0}: 'java.lang.Object java.lang.invoke.Invokers$Holder.linkToTargetMethod(java.lang.Object, java.lang.Object, java.lang.Object, long, java.lang.Object)'> (0x00000000c4bb1de0) 
thrown [s\open\src\hotspot\share\interpreter\linkResolver.cpp, line 759]
Event: 102.532 Thread 0x000002461336efa0 Exception <a 'java/lang/NoSuchMethodError'{0x00000000c67ab800}: 'java.lang.Object java.lang.invoke.DirectMethodHandle$Holder.invokeStatic(java.lang.Object, int, int)'> (0x00000000c67ab800) 
thrown [s\open\src\hotspot\share\interpreter\linkResolver.cpp, line 759]

VM Operations (20 events):
Event: 241.845 Executing VM operation: Cleanup
Event: 241.846 Executing VM operation: Cleanup done
Event: 285.071 Executing VM operation: Cleanup
Event: 285.071 Executing VM operation: Cleanup done
Event: 325.359 Executing VM operation: Cleanup
Event: 325.359 Executing VM operation: Cleanup done
Event: 334.388 Executing VM operation: Cleanup
Event: 334.388 Executing VM operation: Cleanup done
Event: 354.445 Executing VM operation: Cleanup
Event: 354.445 Executing VM operation: Cleanup done
Event: 355.451 Executing VM operation: Cleanup
Event: 355.451 Executing VM operation: Cleanup done
Event: 496.316 Executing VM operation: Cleanup
Event: 496.316 Executing VM operation: Cleanup done
Event: 558.803 Executing VM operation: Cleanup
Event: 558.816 Executing VM operation: Cleanup done
Event: 560.803 Executing VM operation: Cleanup
Event: 560.834 Executing VM operation: Cleanup done
Event: 561.626 Executing VM operation: HandshakeAllThreads
Event: 561.631 Executing VM operation: HandshakeAllThreads done

Events (20 events):
Event: 101.980 loading class sun/nio/cs/ThreadLocalCoders$Cache done
Event: 101.980 loading class sun/nio/cs/ThreadLocalCoders$1 done
Event: 101.980 loading class sun/nio/cs/ThreadLocalCoders$2
Event: 101.980 loading class sun/nio/cs/ThreadLocalCoders$2 done
Event: 102.533 loading class java/util/ArrayList$SubList$2
Event: 102.533 loading class java/util/ArrayList$SubList$2 done
Event: 102.609 loading class java/time/format/DateTimeFormatterBuilder$ZoneTextPrinterParser
Event: 102.610 loading class java/time/format/DateTimeFormatterBuilder$ZoneTextPrinterParser done
Event: 102.610 loading class java/time/format/DateTimeFormatterBuilder$ReducedPrinterParser
Event: 102.610 loading class java/time/format/DateTimeFormatterBuilder$ReducedPrinterParser done
Event: 102.646 loading class java/util/stream/ReferencePipeline$4
Event: 102.647 loading class java/util/stream/ReferencePipeline$4 done
Event: 102.647 loading class java/util/function/IntBinaryOperator
Event: 102.647 loading class java/util/function/IntBinaryOperator done
Event: 102.648 loading class java/util/stream/ReduceOps$7
Event: 102.648 loading class java/util/stream/ReduceOps$7 done
Event: 102.648 loading class java/util/stream/ReduceOps$6ReducingSink
Event: 102.649 loading class java/util/stream/ReduceOps$6ReducingSink done
Event: 102.649 loading class java/util/stream/ReferencePipeline$4$1
Event: 102.649 loading class java/util/stream/ReferencePipeline$4$1 done


Dynamic libraries:
0x00007ff7dea00000 - 0x00007ff7dea10000 	C:\Program Files\Java\jdk-17\bin\java.exe
0x00007fff88d90000 - 0x00007fff88f88000 	C:\WINDOWS\SYSTEM32\ntdll.dll
0x00007fff5c870000 - 0x00007fff5c890000 	C:\Program Files\AVG\Antivirus\aswhook.dll
0x00007fff88c80000 - 0x00007fff88d42000 	C:\WINDOWS\System32\KERNEL32.DLL
0x00007fff868f0000 - 0x00007fff86be6000 	C:\WINDOWS\System32\KERNELBASE.dll
0x00007fff867f0000 - 0x00007fff868f0000 	C:\WINDOWS\System32\ucrtbase.dll
0x00007fff78dc0000 - 0x00007fff78ddb000 	C:\Program Files\Java\jdk-17\bin\VCRUNTIME140.dll
0x00007fff79360000 - 0x00007fff79379000 	C:\Program Files\Java\jdk-17\bin\jli.dll
0x00007fff86db0000 - 0x00007fff86e61000 	C:\WINDOWS\System32\ADVAPI32.dll
0x00007fff88940000 - 0x00007fff889de000 	C:\WINDOWS\System32\msvcrt.dll
0x00007fff86ed0000 - 0x00007fff86f6f000 	C:\WINDOWS\System32\sechost.dll
0x00007fff87940000 - 0x00007fff87a63000 	C:\WINDOWS\System32\RPCRT4.dll
0x00007fff86bf0000 - 0x00007fff86c17000 	C:\WINDOWS\System32\bcrypt.dll
0x00007fff87670000 - 0x00007fff8780d000 	C:\WINDOWS\System32\USER32.dll
0x00007fff86c20000 - 0x00007fff86c42000 	C:\WINDOWS\System32\win32u.dll
0x00007fff86f70000 - 0x00007fff86f9b000 	C:\WINDOWS\System32\GDI32.dll
0x00007fff75e90000 - 0x00007fff7612a000 	C:\WINDOWS\WinSxS\amd64_microsoft.windows.common-controls_6595b64144ccf1df_6.0.19041.5915_none_60b4b9d171f9c7c7\COMCTL32.dll
0x00007fff86550000 - 0x00007fff86669000 	C:\WINDOWS\System32\gdi32full.dll
0x00007fff864b0000 - 0x00007fff8654d000 	C:\WINDOWS\System32\msvcp_win.dll
0x00007fff7de80000 - 0x00007fff7de8a000 	C:\WINDOWS\SYSTEM32\VERSION.dll
0x00007fff88880000 - 0x00007fff888af000 	C:\WINDOWS\System32\IMM32.DLL
0x00007fff7f400000 - 0x00007fff7f40c000 	C:\Program Files\Java\jdk-17\bin\vcruntime140_1.dll
0x00007fff5c0b0000 - 0x00007fff5c13e000 	C:\Program Files\Java\jdk-17\bin\msvcp140.dll
0x00007fff40df0000 - 0x00007fff419d0000 	C:\Program Files\Java\jdk-17\bin\server\jvm.dll
0x00007fff88030000 - 0x00007fff88038000 	C:\WINDOWS\System32\PSAPI.DLL
0x00007fff73dd0000 - 0x00007fff73df7000 	C:\WINDOWS\SYSTEM32\WINMM.dll
0x00007fff84af0000 - 0x00007fff84af9000 	C:\WINDOWS\SYSTEM32\WSOCK32.dll
0x00007fff88810000 - 0x00007fff8887b000 	C:\WINDOWS\System32\WS2_32.dll
0x00007fff84c00000 - 0x00007fff84c12000 	C:\WINDOWS\SYSTEM32\kernel.appcore.dll
0x00007fff79250000 - 0x00007fff7925a000 	C:\Program Files\Java\jdk-17\bin\jimage.dll
0x00007fff848c0000 - 0x00007fff84ac1000 	C:\WINDOWS\SYSTEM32\DBGHELP.DLL
0x00007fff71270000 - 0x00007fff712a4000 	C:\WINDOWS\SYSTEM32\dbgcore.DLL
0x00007fff86420000 - 0x00007fff864a2000 	C:\WINDOWS\System32\bcryptPrimitives.dll
0x00007fff76ff0000 - 0x00007fff77015000 	C:\Program Files\Java\jdk-17\bin\java.dll
0x00007fff5b1b0000 - 0x00007fff5b287000 	C:\Program Files\Java\jdk-17\bin\jsvml.dll
0x00007fff88040000 - 0x00007fff887ae000 	C:\WINDOWS\System32\SHELL32.dll
0x00007fff84040000 - 0x00007fff847e4000 	C:\WINDOWS\SYSTEM32\windows.storage.dll
0x00007fff86fa0000 - 0x00007fff872f3000 	C:\WINDOWS\System32\combase.dll
0x00007fff85e00000 - 0x00007fff85e2b000 	C:\WINDOWS\SYSTEM32\Wldp.dll
0x00007fff889e0000 - 0x00007fff88aad000 	C:\WINDOWS\System32\OLEAUT32.dll
0x00007fff87890000 - 0x00007fff8793d000 	C:\WINDOWS\System32\SHCORE.dll
0x00007fff86e70000 - 0x00007fff86ecb000 	C:\WINDOWS\System32\shlwapi.dll
0x00007fff86350000 - 0x00007fff86375000 	C:\WINDOWS\SYSTEM32\profapi.dll
0x00007fff78830000 - 0x00007fff78849000 	C:\Program Files\Java\jdk-17\bin\net.dll
0x00007fff7b780000 - 0x00007fff7b88a000 	C:\WINDOWS\SYSTEM32\WINHTTP.dll
0x00007fff85ac0000 - 0x00007fff85b2a000 	C:\WINDOWS\system32\mswsock.dll
0x00007fff76fd0000 - 0x00007fff76fe6000 	C:\Program Files\Java\jdk-17\bin\nio.dll
0x00007fff78cd0000 - 0x00007fff78ce8000 	C:\Program Files\Java\jdk-17\bin\zip.dll
0x00007fff78fc0000 - 0x00007fff78fd0000 	C:\Program Files\Java\jdk-17\bin\verify.dll
0x00007fff77f30000 - 0x00007fff77f3e000 	C:\Program Files\Java\jdk-17\bin\sunmscapi.dll
0x00007fff86c50000 - 0x00007fff86dad000 	C:\WINDOWS\System32\CRYPT32.dll
0x00007fff85ec0000 - 0x00007fff85ee7000 	C:\WINDOWS\SYSTEM32\ncrypt.dll
0x00007fff85e80000 - 0x00007fff85ebb000 	C:\WINDOWS\SYSTEM32\NTASN1.dll
0x00007fff85d30000 - 0x00007fff85d48000 	C:\WINDOWS\SYSTEM32\CRYPTSP.dll
0x00007fff853c0000 - 0x00007fff853f8000 	C:\WINDOWS\system32\rsaenh.dll
0x00007fff86310000 - 0x00007fff8633e000 	C:\WINDOWS\SYSTEM32\USERENV.dll
0x00007fff85dd0000 - 0x00007fff85ddc000 	C:\WINDOWS\SYSTEM32\CRYPTBASE.dll
0x00007fff85780000 - 0x00007fff857bb000 	C:\WINDOWS\SYSTEM32\IPHLPAPI.DLL
0x00007fff87380000 - 0x00007fff87388000 	C:\WINDOWS\System32\NSI.dll
0x00007fff7c4f0000 - 0x00007fff7c507000 	C:\WINDOWS\SYSTEM32\dhcpcsvc6.DLL
0x00007fff7eb80000 - 0x00007fff7eb9d000 	C:\WINDOWS\SYSTEM32\dhcpcsvc.DLL
0x00007fff857d0000 - 0x00007fff8589a000 	C:\WINDOWS\SYSTEM32\DNSAPI.dll
0x00007fff78bb0000 - 0x00007fff78bba000 	C:\Program Files\Java\jdk-17\bin\management.dll
0x00007fff78490000 - 0x00007fff7849b000 	C:\Program Files\Java\jdk-17\bin\management_ext.dll
0x00007fff72bc0000 - 0x00007fff72bca000 	C:\Windows\System32\rasadhlp.dll
0x00007fff772f0000 - 0x00007fff77370000 	C:\WINDOWS\System32\fwpuclnt.dll
0x00007fff7a520000 - 0x00007fff7a527000 	C:\WINDOWS\system32\wshunix.dll

dbghelp: loaded successfully - version: 4.0.5 - missing functions: none
symbol engine: initialized successfully - sym options: 0x614 - pdb path: .;C:\Program Files\Java\jdk-17\bin;C:\WINDOWS\SYSTEM32;C:\Program Files\AVG\Antivirus;C:\WINDOWS\WinSxS\amd64_microsoft.windows.common-controls_6595b64144ccf1df_6.0.19041.5915_none_60b4b9d171f9c7c7;C:\Program Files\Java\jdk-17\bin\server

VM Arguments:
jvm_args: -Dfile.encoding=UTF-8 -Duser.country=ES -Duser.language=es -Duser.variant 
java_command: com.EchoLearn_backend.EchoLearnBackendApplication
java_class_path (initial): E:\PROYECTOS\Sistema de logueo\EchoLearn-backend\build\classes\java\main;E:\PROYECTOS\Sistema de logueo\EchoLearn-backend\build\resources\main;C:\Users\Viviana Bohórquez\.gradle\caches\modules-2\files-2.1\org.springframework.boot\spring-boot-starter-data-jpa\3.4.4\7e0ab04a0aa460295c7a2e485c7809a733469824\spring-boot-starter-data-jpa-3.4.4.jar;C:\Users\Viviana Bohórquez\.gradle\caches\modules-2\files-2.1\org.springframework.boot\spring-boot-starter-security\3.4.4\796c83e0f08979c87b62d19d7d956d1ea453f4cd\spring-boot-starter-security-3.4.4.jar;C:\Users\Viviana Bohórquez\.gradle\caches\modules-2\files-2.1\org.springframework.boot\spring-boot-starter-validation\3.4.4\fa0bc381ac02704bb56631c13e33c3be437aa5c\spring-boot-starter-validation-3.4.4.jar;C:\Users\Viviana Bohórquez\.gradle\caches\modules-2\files-2.1\org.springframework.boot\spring-boot-starter-mail\3.4.4\f49875757d6fd0f2d253e3fde02d3581a675e02f\spring-boot-starter-mail-3.4.4.jar;C:\Users\Viviana Bohórquez\.gradle\caches\modules-2\files-2.1\org.springframework.boot\spring-boot-starter-web\3.4.4\441c0c71f38783c1d34b8bac5f06f1fa6b103274\spring-boot-starter-web-3.4.4.jar;C:\Users\Viviana Bohórquez\.gradle\caches\modules-2\files-2.1\com.auth0\java-jwt\4.5.0\d7004155fe57a107cc40fb6be0132d8ad2530613\java-jwt-4.5.0.jar;C:\Users\Viviana Bohórquez\.gradle\caches\modules-2\files-2.1\com.cloudinary\cloudinary-http44\1.39.0\ccc6aca916135d65fab908ea105c7e500894ba54\cloudinary-http44-1.39.0.jar;C:\Users\Viviana Bohórquez\.gradle\caches\modules-2\files-2.1\com.mysql\mysql-connector-j\9.1.0\5fb1d513278e1a9767dfa80ea9d8d7ee909f1a\mysql-connector-j-9.1.0.jar;C:\Users\Viviana Bohórquez\.gradle\caches\modules-2\files-2.1\org.springframework.boot\spring-boot-starter-jdbc\3.4.4\c1059487b20babd2e0552d285d64d3cb655d0c4d\spring-boot-starter-jdbc-3.4.4.jar;C:\Users\Viviana Bohórquez\.gradle\caches\modules-2\files-2.1\org.springframework.boot\spring-boot-starter-json\3.4.4\7f7ca72abcab50661b7b5d23f63b3bc2375bb2b
Launcher Type: SUN_STANDARD

[Global flags]
     intx CICompilerCount                          = 3                                         {product} {ergonomic}
     uint ConcGCThreads                            = 1                                         {product} {ergonomic}
     uint G1ConcRefinementThreads                  = 4                                         {product} {ergonomic}
   size_t G1HeapRegionSize                         = 1048576                                   {product} {ergonomic}
    uintx GCDrainStackTargetSize                   = 64                                        {product} {ergonomic}
   size_t InitialHeapSize                          = 67108864                                  {product} {ergonomic}
   size_t MarkStackSize                            = 4194304                                   {product} {ergonomic}
   size_t MaxHeapSize                              = 1050673152                                {product} {ergonomic}
   size_t MaxNewSize                               = 630194176                                 {product} {ergonomic}
   size_t MinHeapDeltaBytes                        = 1048576                                   {product} {ergonomic}
   size_t MinHeapSize                              = 8388608                                   {product} {ergonomic}
    uintx NonNMethodCodeHeapSize                   = 5832780                                {pd product} {ergonomic}
    uintx NonProfiledCodeHeapSize                  = 122912730                              {pd product} {ergonomic}
    uintx ProfiledCodeHeapSize                     = 122912730                              {pd product} {ergonomic}
    uintx ReservedCodeCacheSize                    = 251658240                              {pd product} {ergonomic}
     bool SegmentedCodeCache                       = true                                      {product} {ergonomic}
   size_t SoftMaxHeapSize                          = 1050673152                             {manageable} {ergonomic}
     bool UseCompressedClassPointers               = true                           {product lp64_product} {ergonomic}
     bool UseCompressedOops                        = true                           {product lp64_product} {ergonomic}
     bool UseG1GC                                  = true                                      {product} {ergonomic}
     bool UseLargePagesIndividualAllocation        = false                                  {pd product} {ergonomic}

Logging:
Log output configuration:
 #0: stdout all=warning uptime,level,tags
 #1: stderr all=off uptime,level,tags

Environment Variables:
PATH=C:\Program Files\Common Files\Oracle\Java\javapath;C:\WINDOWS\system32;C:\WINDOWS;C:\WINDOWS\System32\Wbem;C:\WINDOWS\System32\WindowsPowerShell\v1.0\;C:\Program Files\Novell\iPrint;C:\WINDOWS\System32\OpenSSH\;C:\Program Files\nodejs\;C:\Program Files\Git\cmd;C:\Program Files\Docker\Docker\resources\bin;C:\Users\Viviana Bohórquez\AppData\Local\Microsoft\WindowsApps;E:\programacion\IntelliJ IDEA 2024.1.2\bin;C:\sqlite3;E:\programacion\JAVAAAAAAA INTE\IntelliJ IDEA Community Edition 2024.2.3\bin;C:\Users\Viviana Bohórquez\AppData\Roaming\npm;E:\Desarollo\Microsoft VS Code\bin;C:\Users\Viviana Bohórquez\AppData\Local\Microsoft\WinGet\Links
USERNAME=Viviana B
OS=Windows_NT
PROCESSOR_IDENTIFIER=Intel64 Family 6 Model 69 Stepping 1, GenuineIntel



---------------  S Y S T E M  ---------------

OS:
 Windows 10 , 64 bit Build 19041 (10.0.19041.5915)
OS uptime: 2 days 21:44 hours
Hyper-V role detected

CPU: total 4 (initial active 4) (2 cores per cpu, 2 threads per core) family 6 model 69 stepping 1 microcode 0x25, cx8, cmov, fxsr, ht, mmx, sse, sse2, sse3, ssse3, sse4.1, sse4.2, popcnt, lzcnt, tsc, tscinvbit, avx, avx2, aes, erms, clmul, bmi1, bmi2, fma, vzeroupper, clflush, hv

Memory: 4k page, system-wide physical 4003M (334M free)
TotalPageFile size 11154M (AvailPageFile size 6M)
current process WorkingSet (physical memory assigned to process): 113M, peak: 285M
current process commit charge ("private bytes"): 315M, peak: 319M

vm_info: Java HotSpot(TM) 64-Bit Server VM (17.0.11+7-LTS-207) for windows-amd64 JRE (17.0.11+7-LTS-207), built on Mar 11 2024 19:01:50 by "mach5one" with MS VC++ 17.6 (VS2022)

END.
