#
# There is insufficient memory for the Java Runtime Environment to continue.
# Native memory allocation (mmap) failed to map 72351744 bytes for G1 virtual space
# Possible reasons:
#   The system is out of physical RAM or swap space
#   The process is running with CompressedOops enabled, and the Java Heap may be blocking the growth of the native heap
# Possible solutions:
#   Reduce memory load on the system
#   Increase physical memory or swap space
#   Check if swap backing store is full
#   Decrease Java heap size (-Xmx/-Xms)
#   Decrease number of Java threads
#   Decrease Java thread stack sizes (-Xss)
#   Set larger code cache with -XX:ReservedCodeCacheSize=
#   JVM is running with Unscaled Compressed Oops mode in which the Java heap is
#     placed in the first 4GB address space. The Java Heap base address is the
#     maximum limit for the native heap growth. Please use -XX:HeapBaseMinAddress
#     to set the Java Heap base and to place the Java Heap above 4GB virtual address.
# This output file may be truncated or incomplete.
#
#  Out of Memory Error (os_windows.cpp:3548), pid=44028, tid=41024
#
# JRE version: Java(TM) SE Runtime Environment (17.0.11+7) (build 17.0.11+7-LTS-207)
# Java VM: Java HotSpot(TM) 64-Bit Server VM (17.0.11+7-LTS-207, mixed mode, sharing, tiered, compressed oops, compressed class ptrs, g1 gc, windows-amd64)
# No core dump will be written. Minidumps are not enabled by default on client versions of Windows
#

---------------  S U M M A R Y ------------

Command Line: -Dfile.encoding=UTF-8 -Duser.country=ES -Duser.language=es -Duser.variant com.EchoLearn_backend.EchoLearnBackendApplication

Host: Intel(R) Core(TM) i5-4200U CPU @ 1.60GHz, 4 cores, 3G,  Windows 10 , 64 bit Build 19041 (10.0.19041.5915)
Time: Wed Jul 16 09:13:27 2025 Hora est. Pacífico, Sudamérica elapsed time: 36.037845 seconds (0d 0h 0m 36s)

---------------  T H R E A D  ---------------

Current thread (0x000001a256eb9020):  VMThread "VM Thread" [stack: 0x00000073f2800000,0x00000073f2900000] [id=41024]

Stack: [0x00000073f2800000,0x00000073f2900000]
Native frames: (J=compiled Java code, j=interpreted, Vv=VM code, C=native code)
V  [jvm.dll+0x679cca]
V  [jvm.dll+0x7da13d]
V  [jvm.dll+0x7dba83]
V  [jvm.dll+0x7dc0f3]
V  [jvm.dll+0x2449af]
V  [jvm.dll+0x676ce9]
V  [jvm.dll+0x66b852]
V  [jvm.dll+0x3018d6]
V  [jvm.dll+0x308e76]
V  [jvm.dll+0x3596ee]
V  [jvm.dll+0x35991f]
V  [jvm.dll+0x2d89a8]
V  [jvm.dll+0x2d6ddd]
V  [jvm.dll+0x2d642c]
V  [jvm.dll+0x319f8b]
V  [jvm.dll+0x7e09eb]
V  [jvm.dll+0x7e1724]
V  [jvm.dll+0x7e1c3d]
V  [jvm.dll+0x7e2014]
V  [jvm.dll+0x7e20e0]
V  [jvm.dll+0x78a85a]
V  [jvm.dll+0x678bb5]
C  [ucrtbase.dll+0x21bb2]
C  [KERNEL32.DLL+0x17374]
C  [ntdll.dll+0x4cc91]

VM_Operation (0x00000073f22f3f90): G1CollectForAllocation, mode: safepoint, requested by thread 0x000001a256e09fb0


---------------  P R O C E S S  ---------------

Threads class SMR info:
_java_thread_list=0x000001a27b171020, length=17, elements={
0x000001a256e09fb0, 0x000001a272061fd0, 0x000001a272062c60, 0x000001a272070a40,
0x000001a272073510, 0x000001a272074ee0, 0x000001a272075970, 0x000001a272076660,
0x000001a27207b620, 0x000001a2720e5f70, 0x000001a2722cd260, 0x000001a2722e3400,
0x000001a2780a0ef0, 0x000001a272b02b40, 0x000001a2778069c0, 0x000001a277805580,
0x000001a277805fa0
}

Java Threads: ( => current thread )
  0x000001a256e09fb0 JavaThread "main" [_thread_blocked, id=25436, stack(0x00000073f2200000,0x00000073f2300000)]
  0x000001a272061fd0 JavaThread "Reference Handler" daemon [_thread_blocked, id=40420, stack(0x00000073f2900000,0x00000073f2a00000)]
  0x000001a272062c60 JavaThread "Finalizer" daemon [_thread_blocked, id=40804, stack(0x00000073f2a00000,0x00000073f2b00000)]
  0x000001a272070a40 JavaThread "Signal Dispatcher" daemon [_thread_blocked, id=37408, stack(0x00000073f2b00000,0x00000073f2c00000)]
  0x000001a272073510 JavaThread "Attach Listener" daemon [_thread_blocked, id=39868, stack(0x00000073f2c00000,0x00000073f2d00000)]
  0x000001a272074ee0 JavaThread "Service Thread" daemon [_thread_blocked, id=46004, stack(0x00000073f2d00000,0x00000073f2e00000)]
  0x000001a272075970 JavaThread "Monitor Deflation Thread" daemon [_thread_blocked, id=40560, stack(0x00000073f2e00000,0x00000073f2f00000)]
  0x000001a272076660 JavaThread "C2 CompilerThread0" daemon [_thread_blocked, id=37044, stack(0x00000073f2f00000,0x00000073f3000000)]
  0x000001a27207b620 JavaThread "C1 CompilerThread0" daemon [_thread_blocked, id=45992, stack(0x00000073f3000000,0x00000073f3100000)]
  0x000001a2720e5f70 JavaThread "Sweeper thread" daemon [_thread_blocked, id=46000, stack(0x00000073f3100000,0x00000073f3200000)]
  0x000001a2722cd260 JavaThread "Notification Thread" daemon [_thread_blocked, id=40324, stack(0x00000073f3200000,0x00000073f3300000)]
  0x000001a2722e3400 JavaThread "Common-Cleaner" daemon [_thread_blocked, id=30884, stack(0x00000073f3400000,0x00000073f3500000)]
  0x000001a2780a0ef0 JavaThread "mysql-cj-abandoned-connection-cleanup" daemon [_thread_blocked, id=29080, stack(0x00000073f3800000,0x00000073f3900000)]
  0x000001a272b02b40 JavaThread "HikariPool-1 housekeeper" daemon [_thread_blocked, id=22580, stack(0x00000073f3a00000,0x00000073f3b00000)]
  0x000001a2778069c0 JavaThread "Catalina-utility-1" [_thread_blocked, id=45152, stack(0x00000073f3b00000,0x00000073f3c00000)]
  0x000001a277805580 JavaThread "Catalina-utility-2" [_thread_blocked, id=32516, stack(0x00000073f3c00000,0x00000073f3d00000)]
  0x000001a277805fa0 JavaThread "container-0" [_thread_blocked, id=37496, stack(0x00000073f3d00000,0x00000073f3e00000)]

Other Threads:
=>0x000001a256eb9020 VMThread "VM Thread" [stack: 0x00000073f2800000,0x00000073f2900000] [id=41024]
  0x000001a2722cf750 WatcherThread [stack: 0x00000073f3300000,0x00000073f3400000] [id=44140]
  0x000001a256e44940 GCTaskThread "GC Thread#0" [stack: 0x00000073f2300000,0x00000073f2400000] [id=40724]
  0x000001a272a6ce60 GCTaskThread "GC Thread#1" [stack: 0x00000073f3500000,0x00000073f3600000] [id=32480]
  0x000001a272c26f10 GCTaskThread "GC Thread#2" [stack: 0x00000073f3600000,0x00000073f3700000] [id=10980]
  0x000001a272bfb270 GCTaskThread "GC Thread#3" [stack: 0x00000073f3700000,0x00000073f3800000] [id=39528]
  0x000001a256e4d6a0 ConcurrentGCThread "G1 Main Marker" [stack: 0x00000073f2400000,0x00000073f2500000] [id=16744]
  0x000001a256e4e850 ConcurrentGCThread "G1 Conc#0" [stack: 0x00000073f2500000,0x00000073f2600000] [id=45960]
  0x000001a256e95dd0 ConcurrentGCThread "G1 Refine#0" [stack: 0x00000073f2600000,0x00000073f2700000] [id=38044]
  0x000001a256e96800 ConcurrentGCThread "G1 Service" [stack: 0x00000073f2700000,0x00000073f2800000] [id=13512]

Threads with active compile tasks:
C2 CompilerThread0    36275 7643   !   4       org.springframework.core.annotation.AnnotationsScanner::processClassHierarchy (234 bytes)

VM state: at safepoint (normal execution)

VM Mutex/Monitor currently owned by a thread:  ([mutex/lock_event])
[0x000001a256e04d60] Threads_lock - owner thread: 0x000001a256eb9020
[0x000001a256e04e80] Heap_lock - owner thread: 0x000001a256e09fb0

Heap address: 0x00000000c1600000, size: 1002 MB, Compressed Oops mode: 32-bit

CDS archive(s) mapped at: [0x000001a200000000-0x000001a200bd0000-0x000001a200bd0000), size 12386304, SharedBaseAddress: 0x000001a200000000, ArchiveRelocationMode: 1.
Compressed class space mapped at: 0x000001a201000000-0x000001a241000000, reserved size: 1073741824
Narrow klass base: 0x000001a200000000, Narrow klass shift: 0, Narrow klass range: 0x100000000

GC Precious Log:
 CPUs: 4 total, 4 available
 Memory: 4003M
 Large Page Support: Disabled
 NUMA Support: Disabled
 Compressed Oops: Enabled (32-bit)
 Heap Region Size: 1M
 Heap Min Capacity: 8M
 Heap Initial Capacity: 64M
 Heap Max Capacity: 1002M
 Pre-touch: Disabled
 Parallel Workers: 4
 Concurrent Workers: 1
 Concurrent Refinement Workers: 4
 Periodic GC: Disabled

Heap:
 garbage-first heap   total 70656K, used 38080K [0x00000000c1600000, 0x0000000100000000)
  region size 1024K, 2 young (2048K), 2 survivors (2048K)
 Metaspace       used 77823K, committed 78400K, reserved 1179648K
  class space    used 10812K, committed 11072K, reserved 1048576K

Heap Regions: E=young(eden), S=young(survivor), O=old, HS=humongous(starts), HC=humongous(continues), CS=collection set, F=free, OA=open archive, CA=closed archive, TAMS=top-at-mark-start (previous, next)
|   0|0x00000000c1600000, 0x00000000c1700000, 0x00000000c1700000|100%|HS|  |TAMS 0x00000000c1700000, 0x00000000c1700000| Complete 
|   1|0x00000000c1700000, 0x00000000c1800000, 0x00000000c1800000|100%|HS|  |TAMS 0x00000000c1800000, 0x00000000c1800000| Complete 
|   2|0x00000000c1800000, 0x00000000c1900000, 0x00000000c1900000|100%| O|  |TAMS 0x00000000c1900000, 0x00000000c1900000| Untracked 
|   3|0x00000000c1900000, 0x00000000c1a00000, 0x00000000c1a00000|100%| O|  |TAMS 0x00000000c1a00000, 0x00000000c1a00000| Untracked 
|   4|0x00000000c1a00000, 0x00000000c1b00000, 0x00000000c1b00000|100%| O|  |TAMS 0x00000000c1b00000, 0x00000000c1b00000| Untracked 
|   5|0x00000000c1b00000, 0x00000000c1c00000, 0x00000000c1c00000|100%| O|  |TAMS 0x00000000c1c00000, 0x00000000c1c00000| Untracked 
|   6|0x00000000c1c00000, 0x00000000c1d00000, 0x00000000c1d00000|100%| O|  |TAMS 0x00000000c1d00000, 0x00000000c1d00000| Untracked 
|   7|0x00000000c1d00000, 0x00000000c1e00000, 0x00000000c1e00000|100%| O|  |TAMS 0x00000000c1e00000, 0x00000000c1e00000| Untracked 
|   8|0x00000000c1e00000, 0x00000000c1f00000, 0x00000000c1f00000|100%| O|  |TAMS 0x00000000c1f00000, 0x00000000c1f00000| Untracked 
|   9|0x00000000c1f00000, 0x00000000c2000000, 0x00000000c2000000|100%| O|  |TAMS 0x00000000c2000000, 0x00000000c2000000| Untracked 
|  10|0x00000000c2000000, 0x00000000c2100000, 0x00000000c2100000|100%| O|  |TAMS 0x00000000c2100000, 0x00000000c2100000| Untracked 
|  11|0x00000000c2100000, 0x00000000c2200000, 0x00000000c2200000|100%| O|  |TAMS 0x00000000c2200000, 0x00000000c2200000| Untracked 
|  12|0x00000000c2200000, 0x00000000c2300000, 0x00000000c2300000|100%| O|  |TAMS 0x00000000c2300000, 0x00000000c2300000| Untracked 
|  13|0x00000000c2300000, 0x00000000c2400000, 0x00000000c2400000|100%| O|  |TAMS 0x00000000c2400000, 0x00000000c2400000| Untracked 
|  14|0x00000000c2400000, 0x00000000c2400000, 0x00000000c2500000|  0%| F|  |TAMS 0x00000000c2400000, 0x00000000c2400000| Untracked 
|  15|0x00000000c2500000, 0x00000000c2600000, 0x00000000c2600000|100%| O|  |TAMS 0x00000000c2600000, 0x00000000c2600000| Untracked 
|  16|0x00000000c2600000, 0x00000000c2700000, 0x00000000c2700000|100%| O|  |TAMS 0x00000000c2700000, 0x00000000c2700000| Untracked 
|  17|0x00000000c2700000, 0x00000000c2800000, 0x00000000c2800000|100%| O|  |TAMS 0x00000000c2800000, 0x00000000c2800000| Untracked 
|  18|0x00000000c2800000, 0x00000000c2900000, 0x00000000c2900000|100%| O|  |TAMS 0x00000000c2900000, 0x00000000c2900000| Untracked 
|  19|0x00000000c2900000, 0x00000000c2a00000, 0x00000000c2a00000|100%| O|  |TAMS 0x00000000c2a00000, 0x00000000c2a00000| Untracked 
|  20|0x00000000c2a00000, 0x00000000c2b00000, 0x00000000c2b00000|100%| O|  |TAMS 0x00000000c2b00000, 0x00000000c2b00000| Untracked 
|  21|0x00000000c2b00000, 0x00000000c2c00000, 0x00000000c2c00000|100%| O|  |TAMS 0x00000000c2c00000, 0x00000000c2c00000| Untracked 
|  22|0x00000000c2c00000, 0x00000000c2d00000, 0x00000000c2d00000|100%| O|  |TAMS 0x00000000c2d00000, 0x00000000c2d00000| Untracked 
|  23|0x00000000c2d00000, 0x00000000c2e00000, 0x00000000c2e00000|100%| O|  |TAMS 0x00000000c2e00000, 0x00000000c2e00000| Untracked 
|  24|0x00000000c2e00000, 0x00000000c2f00000, 0x00000000c2f00000|100%| O|  |TAMS 0x00000000c2f00000, 0x00000000c2f00000| Untracked 
|  25|0x00000000c2f00000, 0x00000000c3000000, 0x00000000c3000000|100%| O|  |TAMS 0x00000000c3000000, 0x00000000c3000000| Untracked 
|  26|0x00000000c3000000, 0x00000000c3100000, 0x00000000c3100000|100%| O|  |TAMS 0x00000000c3100000, 0x00000000c3100000| Untracked 
|  27|0x00000000c3100000, 0x00000000c3200000, 0x00000000c3200000|100%| O|  |TAMS 0x00000000c3200000, 0x00000000c3200000| Untracked 
|  28|0x00000000c3200000, 0x00000000c3300000, 0x00000000c3300000|100%| O|  |TAMS 0x00000000c3300000, 0x00000000c3300000| Untracked 
|  29|0x00000000c3300000, 0x00000000c3400000, 0x00000000c3400000|100%| O|  |TAMS 0x00000000c3400000, 0x00000000c3400000| Untracked 
|  30|0x00000000c3400000, 0x00000000c3500000, 0x00000000c3500000|100%| O|  |TAMS 0x00000000c3500000, 0x00000000c3500000| Untracked 
|  31|0x00000000c3500000, 0x00000000c3600000, 0x00000000c3600000|100%| O|  |TAMS 0x00000000c3600000, 0x00000000c3600000| Untracked 
|  32|0x00000000c3600000, 0x00000000c3700000, 0x00000000c3700000|100%| O|  |TAMS 0x00000000c3700000, 0x00000000c3700000| Untracked 
|  33|0x00000000c3700000, 0x00000000c3800000, 0x00000000c3800000|100%| O|  |TAMS 0x00000000c3800000, 0x00000000c3800000| Untracked 
|  34|0x00000000c3800000, 0x00000000c3900000, 0x00000000c3900000|100%| O|  |TAMS 0x00000000c3800000, 0x00000000c3900000| Untracked 
|  35|0x00000000c3900000, 0x00000000c3a00000, 0x00000000c3a00000|100%| O|  |TAMS 0x00000000c3900000, 0x00000000c3a00000| Untracked 
|  36|0x00000000c3a00000, 0x00000000c3ad2000, 0x00000000c3b00000| 82%| O|  |TAMS 0x00000000c3a00000, 0x00000000c3ad2000| Untracked 
|  37|0x00000000c3b00000, 0x00000000c3b00000, 0x00000000c3c00000|  0%| F|  |TAMS 0x00000000c3b00000, 0x00000000c3b00000| Untracked 
|  38|0x00000000c3c00000, 0x00000000c3c00000, 0x00000000c3d00000|  0%| F|  |TAMS 0x00000000c3c00000, 0x00000000c3c00000| Untracked 
|  39|0x00000000c3d00000, 0x00000000c3d00000, 0x00000000c3e00000|  0%| F|  |TAMS 0x00000000c3d00000, 0x00000000c3d00000| Untracked 
|  40|0x00000000c3e00000, 0x00000000c3e00000, 0x00000000c3f00000|  0%| F|  |TAMS 0x00000000c3e00000, 0x00000000c3e00000| Untracked 
|  41|0x00000000c3f00000, 0x00000000c3f00000, 0x00000000c4000000|  0%| F|  |TAMS 0x00000000c3f00000, 0x00000000c3f00000| Untracked 
|  42|0x00000000c4000000, 0x00000000c4000000, 0x00000000c4100000|  0%| F|  |TAMS 0x00000000c4000000, 0x00000000c4000000| Untracked 
|  43|0x00000000c4100000, 0x00000000c4100000, 0x00000000c4200000|  0%| F|  |TAMS 0x00000000c4100000, 0x00000000c4100000| Untracked 
|  44|0x00000000c4200000, 0x00000000c4200000, 0x00000000c4300000|  0%| F|  |TAMS 0x00000000c4200000, 0x00000000c4200000| Untracked 
|  45|0x00000000c4300000, 0x00000000c4300000, 0x00000000c4400000|  0%| F|  |TAMS 0x00000000c4300000, 0x00000000c4300000| Untracked 
|  46|0x00000000c4400000, 0x00000000c445e260, 0x00000000c4500000| 36%| S|CS|TAMS 0x00000000c4400000, 0x00000000c4400000| Complete 
|  47|0x00000000c4500000, 0x00000000c4600000, 0x00000000c4600000|100%| S|CS|TAMS 0x00000000c4500000, 0x00000000c4500000| Complete 
|  48|0x00000000c4600000, 0x00000000c4600000, 0x00000000c4700000|  0%| F|  |TAMS 0x00000000c4600000, 0x00000000c4600000| Untracked 
|  49|0x00000000c4700000, 0x00000000c4700000, 0x00000000c4800000|  0%| F|  |TAMS 0x00000000c4700000, 0x00000000c4700000| Untracked 
|  50|0x00000000c4800000, 0x00000000c4800000, 0x00000000c4900000|  0%| F|  |TAMS 0x00000000c4800000, 0x00000000c4800000| Untracked 
|  51|0x00000000c4900000, 0x00000000c4900000, 0x00000000c4a00000|  0%| F|  |TAMS 0x00000000c4900000, 0x00000000c4900000| Untracked 
|  52|0x00000000c4a00000, 0x00000000c4a00000, 0x00000000c4b00000|  0%| F|  |TAMS 0x00000000c4a00000, 0x00000000c4a00000| Untracked 
|  53|0x00000000c4b00000, 0x00000000c4b00000, 0x00000000c4c00000|  0%| F|  |TAMS 0x00000000c4b00000, 0x00000000c4b00000| Untracked 
|  54|0x00000000c4c00000, 0x00000000c4c00000, 0x00000000c4d00000|  0%| F|  |TAMS 0x00000000c4c00000, 0x00000000c4c00000| Untracked 
|  55|0x00000000c4d00000, 0x00000000c4d00000, 0x00000000c4e00000|  0%| F|  |TAMS 0x00000000c4d00000, 0x00000000c4d00000| Untracked 
|  56|0x00000000c4e00000, 0x00000000c4e00000, 0x00000000c4f00000|  0%| F|  |TAMS 0x00000000c4e00000, 0x00000000c4e00000| Untracked 
|  57|0x00000000c4f00000, 0x00000000c4f00000, 0x00000000c5000000|  0%| F|  |TAMS 0x00000000c4f00000, 0x00000000c4f00000| Untracked 
|  58|0x00000000c5000000, 0x00000000c5000000, 0x00000000c5100000|  0%| F|  |TAMS 0x00000000c5000000, 0x00000000c5000000| Untracked 
|  59|0x00000000c5100000, 0x00000000c5100000, 0x00000000c5200000|  0%| F|  |TAMS 0x00000000c5100000, 0x00000000c5100000| Untracked 
|  60|0x00000000c5200000, 0x00000000c5200000, 0x00000000c5300000|  0%| F|  |TAMS 0x00000000c5200000, 0x00000000c5200000| Untracked 
|  61|0x00000000c5300000, 0x00000000c5300000, 0x00000000c5400000|  0%| F|  |TAMS 0x00000000c5300000, 0x00000000c5300000| Untracked 
|  62|0x00000000c5400000, 0x00000000c5400000, 0x00000000c5500000|  0%| F|  |TAMS 0x00000000c5400000, 0x00000000c5400000| Untracked 
|  63|0x00000000c5500000, 0x00000000c5500000, 0x00000000c5600000|  0%| F|  |TAMS 0x00000000c5500000, 0x00000000c5500000| Untracked 
|  64|0x00000000c5600000, 0x00000000c5600000, 0x00000000c5700000|  0%| F|  |TAMS 0x00000000c5600000, 0x00000000c5600000| Untracked 
|  65|0x00000000c5700000, 0x00000000c5700000, 0x00000000c5800000|  0%| F|  |TAMS 0x00000000c5700000, 0x00000000c5700000| Untracked 
|  66|0x00000000c5800000, 0x00000000c5800000, 0x00000000c5900000|  0%| F|  |TAMS 0x00000000c5800000, 0x00000000c5800000| Untracked 
|  67|0x00000000c5900000, 0x00000000c5900000, 0x00000000c5a00000|  0%| F|  |TAMS 0x00000000c5900000, 0x00000000c5900000| Untracked 
|  68|0x00000000c5a00000, 0x00000000c5a00000, 0x00000000c5b00000|  0%| F|  |TAMS 0x00000000c5a00000, 0x00000000c5a00000| Untracked 

Card table byte_map: [0x000001a26d8b0000,0x000001a26dab0000] _byte_map_base: 0x000001a26d2a5000

Marking Bits (Prev, Next): (CMBitMap*) 0x000001a256e44fa0, (CMBitMap*) 0x000001a256e44f60
 Prev Bits: [0x000001a26ec60000, 0x000001a26fc08000)
 Next Bits: [0x000001a26dcb0000, 0x000001a26ec58000)

Polling page: 0x000001a254cb0000

Metaspace:

Usage:
  Non-class:     65.44 MB used.
      Class:     10.56 MB used.
       Both:     76.00 MB used.

Virtual space:
  Non-class space:      128.00 MB reserved,      65.75 MB ( 51%) committed,  2 nodes.
      Class space:        1.00 GB reserved,      10.81 MB (  1%) committed,  1 nodes.
             Both:        1.12 GB reserved,      76.56 MB (  7%) committed. 

Chunk freelists:
   Non-Class:  14.23 MB
       Class:  5.00 MB
        Both:  19.24 MB

MaxMetaspaceSize: unlimited
CompressedClassSpaceSize: 1.00 GB
Initial GC threshold: 21.00 MB
Current GC threshold: 122.75 MB
CDS: on
MetaspaceReclaimPolicy: balanced
 - commit_granule_bytes: 65536.
 - commit_granule_words: 8192.
 - virtual_space_node_default_size: 8388608.
 - enlarge_chunks_in_place: 1.
 - new_chunks_are_fully_committed: 0.
 - uncommit_free_chunks: 1.
 - use_allocation_guard: 0.
 - handle_deallocations: 1.


Internal statistics:

num_allocs_failed_limit: 6.
num_arena_births: 874.
num_arena_deaths: 0.
num_vsnodes_births: 3.
num_vsnodes_deaths: 0.
num_space_committed: 1225.
num_space_uncommitted: 0.
num_chunks_returned_to_freelist: 6.
num_chunks_taken_from_freelist: 3726.
num_chunk_merges: 6.
num_chunk_splits: 2682.
num_chunks_enlarged: 2088.
num_inconsistent_stats: 0.

CodeHeap 'non-profiled nmethods': size=120000Kb used=4290Kb max_used=4290Kb free=115709Kb
 bounds [0x000001a266180000, 0x000001a2665c0000, 0x000001a26d6b0000]
CodeHeap 'profiled nmethods': size=120000Kb used=12346Kb max_used=12346Kb free=107653Kb
 bounds [0x000001a25e6b0000, 0x000001a25f2c0000, 0x000001a265be0000]
CodeHeap 'non-nmethods': size=5760Kb used=1379Kb max_used=1432Kb free=4380Kb
 bounds [0x000001a265be0000, 0x000001a265e50000, 0x000001a266180000]
 total_blobs=7695 nmethods=6982 adapters=624
 compilation: enabled
              stopped_count=0, restarted_count=0
 full_count=0

Compilation events (20 events):
Event: 35.999 Thread 0x000001a27207b620 7954       2       org.springframework.core.ResolvableType::hashCode (22 bytes)
Event: 36.000 Thread 0x000001a27207b620 nmethod 7954 0x000001a25f2bb690 code [0x000001a25f2bb820, 0x000001a25f2bb968]
Event: 36.000 Thread 0x000001a27207b620 7955   !   2       jdk.proxy2.$Proxy44::annotationType (29 bytes)
Event: 36.001 Thread 0x000001a27207b620 nmethod 7955 0x000001a25f2bba10 code [0x000001a25f2bbbc0, 0x000001a25f2bbe38]
Event: 36.002 Thread 0x000001a27207b620 7957       2       java.lang.ThreadLocal$ThreadLocalMap::expungeStaleEntry (146 bytes)
Event: 36.003 Thread 0x000001a27207b620 nmethod 7957 0x000001a25f2bbf90 code [0x000001a25f2bc160, 0x000001a25f2bc658]
Event: 36.003 Thread 0x000001a27207b620 7956       2       org.springframework.aop.framework.autoproxy.ProxyCreationContext::setCurrentProxiedBeanName (21 bytes)
Event: 36.004 Thread 0x000001a27207b620 nmethod 7956 0x000001a25f2bc890 code [0x000001a25f2bca40, 0x000001a25f2bcbb8]
Event: 36.004 Thread 0x000001a27207b620 7958       1       org.springframework.beans.factory.support.ConstructorResolver$ConstructorDependencyDescriptor::usesStandardBeanLookup (2 bytes)
Event: 36.004 Thread 0x000001a27207b620 nmethod 7958 0x000001a2665b0490 code [0x000001a2665b0620, 0x000001a2665b06f8]
Event: 36.007 Thread 0x000001a27207b620 7960       2       org.springframework.beans.factory.annotation.QualifierAnnotationAutowireCandidateResolver::checkQualifiers (247 bytes)
Event: 36.011 Thread 0x000001a27207b620 nmethod 7960 0x000001a25f2bcd10 code [0x000001a25f2bcfc0, 0x000001a25f2bd948]
Event: 36.015 Thread 0x000001a27207b620 7961   !   2       org.springframework.core.$Proxy6::hashCode (32 bytes)
Event: 36.015 Thread 0x000001a27207b620 nmethod 7961 0x000001a25f2be090 code [0x000001a25f2be240, 0x000001a25f2be4d8]
Event: 36.016 Thread 0x000001a27207b620 7962   !   2       org.springframework.core.$Proxy6::getRawType (29 bytes)
Event: 36.017 Thread 0x000001a27207b620 nmethod 7962 0x000001a25f2be690 code [0x000001a25f2be840, 0x000001a25f2bead8]
Event: 36.017 Thread 0x000001a27207b620 7963       3       org.springframework.boot.context.properties.source.SoftReferenceConfigurationPropertyCache::get (67 bytes)
Event: 36.018 Thread 0x000001a27207b620 nmethod 7963 0x000001a25f2bec90 code [0x000001a25f2bef00, 0x000001a25f2bfb18]
Event: 36.020 Thread 0x000001a27207b620 7964       1       org.springframework.beans.factory.config.DependencyDescriptor::isEager (5 bytes)
Event: 36.020 Thread 0x000001a27207b620 nmethod 7964 0x000001a2665b0790 code [0x000001a2665b0920, 0x000001a2665b09f8]

GC Heap History (20 events):
Event: 26.788 GC heap after
{Heap after GC invocations=18 (full 0):
 garbage-first heap   total 58368K, used 28235K [0x00000000c1600000, 0x0000000100000000)
  region size 1024K, 2 young (2048K), 2 survivors (2048K)
 Metaspace       used 60831K, committed 61376K, reserved 1114112K
  class space    used 8243K, committed 8512K, reserved 1048576K
}
Event: 27.887 GC heap before
{Heap before GC invocations=18 (full 0):
 garbage-first heap   total 58368K, used 46667K [0x00000000c1600000, 0x0000000100000000)
  region size 1024K, 20 young (20480K), 2 survivors (2048K)
 Metaspace       used 63039K, committed 63616K, reserved 1114112K
  class space    used 8530K, committed 8832K, reserved 1048576K
}
Event: 27.897 GC heap after
{Heap after GC invocations=19 (full 0):
 garbage-first heap   total 58368K, used 28696K [0x00000000c1600000, 0x0000000100000000)
  region size 1024K, 2 young (2048K), 2 survivors (2048K)
 Metaspace       used 63039K, committed 63616K, reserved 1114112K
  class space    used 8530K, committed 8832K, reserved 1048576K
}
Event: 30.763 GC heap before
{Heap before GC invocations=20 (full 0):
 garbage-first heap   total 58368K, used 48152K [0x00000000c1600000, 0x0000000100000000)
  region size 1024K, 21 young (21504K), 2 survivors (2048K)
 Metaspace       used 66455K, committed 67008K, reserved 1114112K
  class space    used 8990K, committed 9280K, reserved 1048576K
}
Event: 30.778 GC heap after
{Heap after GC invocations=21 (full 0):
 garbage-first heap   total 58368K, used 29947K [0x00000000c1600000, 0x0000000100000000)
  region size 1024K, 3 young (3072K), 3 survivors (3072K)
 Metaspace       used 66455K, committed 67008K, reserved 1114112K
  class space    used 8990K, committed 9280K, reserved 1048576K
}
Event: 32.052 GC heap before
{Heap before GC invocations=21 (full 0):
 garbage-first heap   total 58368K, used 46331K [0x00000000c1600000, 0x0000000100000000)
  region size 1024K, 20 young (20480K), 3 survivors (3072K)
 Metaspace       used 69436K, committed 70016K, reserved 1114112K
  class space    used 9446K, committed 9728K, reserved 1048576K
}
Event: 32.067 GC heap after
{Heap after GC invocations=22 (full 0):
 garbage-first heap   total 58368K, used 31004K [0x00000000c1600000, 0x0000000100000000)
  region size 1024K, 3 young (3072K), 3 survivors (3072K)
 Metaspace       used 69436K, committed 70016K, reserved 1114112K
  class space    used 9446K, committed 9728K, reserved 1048576K
}
Event: 32.605 GC heap before
{Heap before GC invocations=23 (full 0):
 garbage-first heap   total 58368K, used 47388K [0x00000000c1600000, 0x0000000100000000)
  region size 1024K, 19 young (19456K), 3 survivors (3072K)
 Metaspace       used 70776K, committed 71296K, reserved 1114112K
  class space    used 9784K, committed 10048K, reserved 1048576K
}
Event: 32.618 GC heap after
{Heap after GC invocations=24 (full 0):
 garbage-first heap   total 58368K, used 32040K [0x00000000c1600000, 0x0000000100000000)
  region size 1024K, 3 young (3072K), 3 survivors (3072K)
 Metaspace       used 70776K, committed 71296K, reserved 1114112K
  class space    used 9784K, committed 10048K, reserved 1048576K
}
Event: 33.306 GC heap before
{Heap before GC invocations=24 (full 0):
 garbage-first heap   total 58368K, used 46376K [0x00000000c1600000, 0x0000000100000000)
  region size 1024K, 18 young (18432K), 3 survivors (3072K)
 Metaspace       used 72553K, committed 73152K, reserved 1114112K
  class space    used 10165K, committed 10432K, reserved 1048576K
}
Event: 33.324 GC heap after
{Heap after GC invocations=25 (full 0):
 garbage-first heap   total 58368K, used 34514K [0x00000000c1600000, 0x0000000100000000)
  region size 1024K, 3 young (3072K), 3 survivors (3072K)
 Metaspace       used 72553K, committed 73152K, reserved 1114112K
  class space    used 10165K, committed 10432K, reserved 1048576K
}
Event: 33.634 GC heap before
{Heap before GC invocations=26 (full 0):
 garbage-first heap   total 70656K, used 46802K [0x00000000c1600000, 0x0000000100000000)
  region size 1024K, 15 young (15360K), 3 survivors (3072K)
 Metaspace       used 72556K, committed 73152K, reserved 1114112K
  class space    used 10165K, committed 10432K, reserved 1048576K
}
Event: 33.645 GC heap after
{Heap after GC invocations=27 (full 0):
 garbage-first heap   total 70656K, used 35081K [0x00000000c1600000, 0x0000000100000000)
  region size 1024K, 1 young (1024K), 1 survivors (1024K)
 Metaspace       used 72556K, committed 73152K, reserved 1114112K
  class space    used 10165K, committed 10432K, reserved 1048576K
}
Event: 34.327 GC heap before
{Heap before GC invocations=27 (full 0):
 garbage-first heap   total 70656K, used 54537K [0x00000000c1600000, 0x0000000100000000)
  region size 1024K, 21 young (21504K), 1 survivors (1024K)
 Metaspace       used 74679K, committed 75200K, reserved 1114112K
  class space    used 10429K, committed 10688K, reserved 1048576K
}
Event: 34.334 GC heap after
{Heap after GC invocations=28 (full 0):
 garbage-first heap   total 70656K, used 36014K [0x00000000c1600000, 0x0000000100000000)
  region size 1024K, 2 young (2048K), 2 survivors (2048K)
 Metaspace       used 74679K, committed 75200K, reserved 1114112K
  class space    used 10429K, committed 10688K, reserved 1048576K
}
Event: 35.038 GC heap before
{Heap before GC invocations=29 (full 0):
 garbage-first heap   total 70656K, used 56494K [0x00000000c1600000, 0x0000000100000000)
  region size 1024K, 22 young (22528K), 2 survivors (2048K)
 Metaspace       used 75907K, committed 76544K, reserved 1179648K
  class space    used 10569K, committed 10880K, reserved 1048576K
}
Event: 35.044 GC heap after
{Heap after GC invocations=30 (full 0):
 garbage-first heap   total 70656K, used 36998K [0x00000000c1600000, 0x0000000100000000)
  region size 1024K, 3 young (3072K), 3 survivors (3072K)
 Metaspace       used 75907K, committed 76544K, reserved 1179648K
  class space    used 10569K, committed 10880K, reserved 1048576K
}
Event: 35.070 GC heap before
{Heap before GC invocations=30 (full 0):
 garbage-first heap   total 70656K, used 38022K [0x00000000c1600000, 0x0000000100000000)
  region size 1024K, 4 young (4096K), 3 survivors (3072K)
 Metaspace       used 75936K, committed 76544K, reserved 1179648K
  class space    used 10571K, committed 10880K, reserved 1048576K
}
Event: 35.077 GC heap after
{Heap after GC invocations=31 (full 0):
 garbage-first heap   total 70656K, used 37089K [0x00000000c1600000, 0x0000000100000000)
  region size 1024K, 1 young (1024K), 1 survivors (1024K)
 Metaspace       used 75936K, committed 76544K, reserved 1179648K
  class space    used 10571K, committed 10880K, reserved 1048576K
}
Event: 36.022 GC heap before
{Heap before GC invocations=31 (full 0):
 garbage-first heap   total 70656K, used 57569K [0x00000000c1600000, 0x0000000100000000)
  region size 1024K, 21 young (21504K), 1 survivors (1024K)
 Metaspace       used 77823K, committed 78400K, reserved 1179648K
  class space    used 10812K, committed 11072K, reserved 1048576K
}

Deoptimization events (20 events):
Event: 35.853 Thread 0x000001a256e09fb0 Uncommon trap: trap_request=0xffffffde fr.pc=0x000001a2662b89dc relative=0x000000000000013c
Event: 35.853 Thread 0x000001a256e09fb0 Uncommon trap: reason=class_check action=maybe_recompile pc=0x000001a2662b89dc method=java.lang.reflect.Method.equals(Ljava/lang/Object;)Z @ 1 c2
Event: 35.853 Thread 0x000001a256e09fb0 DEOPT PACKING pc=0x000001a2662b89dc sp=0x00000073f22fb110
Event: 35.853 Thread 0x000001a256e09fb0 DEOPT UNPACKING pc=0x000001a265c323a3 sp=0x00000073f22fb098 mode 2
Event: 35.924 Thread 0x000001a256e09fb0 Uncommon trap: trap_request=0xffffffde fr.pc=0x000001a26649b9f8 relative=0x0000000000000978
Event: 35.924 Thread 0x000001a256e09fb0 Uncommon trap: reason=class_check action=maybe_recompile pc=0x000001a26649b9f8 method=org.springframework.core.annotation.AnnotatedElementUtils.hasAnnotation(Ljava/lang/reflect/AnnotatedElement;Ljava/lang/Class;)Z @ 21 c2
Event: 35.924 Thread 0x000001a256e09fb0 DEOPT PACKING pc=0x000001a26649b9f8 sp=0x00000073f22fb750
Event: 35.924 Thread 0x000001a256e09fb0 DEOPT UNPACKING pc=0x000001a265c323a3 sp=0x00000073f22fb708 mode 2
Event: 35.924 Thread 0x000001a256e09fb0 Uncommon trap: trap_request=0xffffffde fr.pc=0x000001a26649b9f8 relative=0x0000000000000978
Event: 35.924 Thread 0x000001a256e09fb0 Uncommon trap: reason=class_check action=maybe_recompile pc=0x000001a26649b9f8 method=org.springframework.core.annotation.AnnotatedElementUtils.hasAnnotation(Ljava/lang/reflect/AnnotatedElement;Ljava/lang/Class;)Z @ 21 c2
Event: 35.924 Thread 0x000001a256e09fb0 DEOPT PACKING pc=0x000001a26649b9f8 sp=0x00000073f22fb750
Event: 35.924 Thread 0x000001a256e09fb0 DEOPT UNPACKING pc=0x000001a265c323a3 sp=0x00000073f22fb708 mode 2
Event: 35.924 Thread 0x000001a256e09fb0 Uncommon trap: trap_request=0xffffffde fr.pc=0x000001a26649b9f8 relative=0x0000000000000978
Event: 35.924 Thread 0x000001a256e09fb0 Uncommon trap: reason=class_check action=maybe_recompile pc=0x000001a26649b9f8 method=org.springframework.core.annotation.AnnotatedElementUtils.hasAnnotation(Ljava/lang/reflect/AnnotatedElement;Ljava/lang/Class;)Z @ 21 c2
Event: 35.924 Thread 0x000001a256e09fb0 DEOPT PACKING pc=0x000001a26649b9f8 sp=0x00000073f22fb750
Event: 35.924 Thread 0x000001a256e09fb0 DEOPT UNPACKING pc=0x000001a265c323a3 sp=0x00000073f22fb708 mode 2
Event: 35.924 Thread 0x000001a256e09fb0 Uncommon trap: trap_request=0xffffffde fr.pc=0x000001a26649b9f8 relative=0x0000000000000978
Event: 35.924 Thread 0x000001a256e09fb0 Uncommon trap: reason=class_check action=maybe_recompile pc=0x000001a26649b9f8 method=org.springframework.core.annotation.AnnotatedElementUtils.hasAnnotation(Ljava/lang/reflect/AnnotatedElement;Ljava/lang/Class;)Z @ 21 c2
Event: 35.924 Thread 0x000001a256e09fb0 DEOPT PACKING pc=0x000001a26649b9f8 sp=0x00000073f22fb750
Event: 35.924 Thread 0x000001a256e09fb0 DEOPT UNPACKING pc=0x000001a265c323a3 sp=0x00000073f22fb708 mode 2

Classes unloaded (0 events):
No events

Classes redefined (0 events):
No events

Internal exceptions (20 events):
Event: 31.355 Thread 0x000001a256e09fb0 Exception <a 'java/lang/NoSuchMethodError'{0x00000000c463a6b8}: 'int java.lang.invoke.DirectMethodHandle$Holder.invokeStatic(java.lang.Object, java.lang.Object, int)'> (0x00000000c463a6b8) 
thrown [s\open\src\hotspot\share\interpreter\linkResolver.cpp, line 759]
Event: 31.398 Thread 0x000001a256e09fb0 Exception <a 'java/lang/IncompatibleClassChangeError'{0x00000000c46819f8}: Found class java.lang.Object, but interface was expected> (0x00000000c46819f8) 
thrown [s\open\src\hotspot\share\interpreter\linkResolver.cpp, line 826]
Event: 31.400 Thread 0x000001a256e09fb0 Exception <a 'java/lang/IncompatibleClassChangeError'{0x00000000c4688318}: Found class java.lang.Object, but interface was expected> (0x00000000c4688318) 
thrown [s\open\src\hotspot\share\interpreter\linkResolver.cpp, line 826]
Event: 31.606 Thread 0x000001a256e09fb0 Exception <a 'java/lang/NoSuchMethodError'{0x00000000c4460850}: 'java.lang.Object java.lang.invoke.DirectMethodHandle$Holder.invokeStatic(java.lang.Object, int, java.lang.Object)'> (0x00000000c4460850) 
thrown [s\open\src\hotspot\share\interpreter\linkResolver.cpp, line 759]
Event: 31.637 Thread 0x000001a256e09fb0 Exception <a 'java/lang/reflect/InvocationTargetException'{0x00000000c449cbb0}> (0x00000000c449cbb0) 
thrown [s\open\src\hotspot\share\runtime\reflection.cpp, line 1121]
Event: 31.653 Thread 0x000001a256e09fb0 Exception <a 'java/lang/reflect/InvocationTargetException'{0x00000000c44c7168}> (0x00000000c44c7168) 
thrown [s\open\src\hotspot\share\runtime\reflection.cpp, line 1121]
Event: 31.903 Thread 0x000001a256e09fb0 Exception <a 'java/lang/reflect/InvocationTargetException'{0x00000000c403ec58}> (0x00000000c403ec58) 
thrown [s\open\src\hotspot\share\runtime\reflection.cpp, line 1121]
Event: 33.963 Thread 0x000001a256e09fb0 Exception <a 'java/lang/NoSuchMethodError'{0x00000000c4e0ff80}: 'int java.lang.invoke.DirectMethodHandle$Holder.invokeStaticInit(java.lang.Object, int, java.lang.Object, java.lang.Object, java.lang.Object, java.lang.Object)'> (0x00000000c4e0ff80) 
thrown [s\open\src\hotspot\share\interpreter\linkResolver.cpp, line 759]
Event: 34.124 Thread 0x000001a256e09fb0 Exception <a 'java/lang/NoSuchMethodError'{0x00000000c4bf3e40}: 'long java.lang.invoke.DirectMethodHandle$Holder.invokeVirtual(java.lang.Object, java.lang.Object)'> (0x00000000c4bf3e40) 
thrown [s\open\src\hotspot\share\interpreter\linkResolver.cpp, line 759]
Event: 34.283 Thread 0x000001a256e09fb0 Exception <a 'java/lang/reflect/InvocationTargetException'{0x00000000c47d6b58}> (0x00000000c47d6b58) 
thrown [s\open\src\hotspot\share\runtime\reflection.cpp, line 1121]
Event: 34.287 Thread 0x000001a256e09fb0 Exception <a 'java/lang/reflect/InvocationTargetException'{0x00000000c47e6f90}> (0x00000000c47e6f90) 
thrown [s\open\src\hotspot\share\runtime\reflection.cpp, line 1121]
Event: 34.569 Thread 0x000001a256e09fb0 Exception <a 'java/lang/reflect/InvocationTargetException'{0x00000000c569cd98}> (0x00000000c569cd98) 
thrown [s\open\src\hotspot\share\runtime\reflection.cpp, line 1121]
Event: 34.572 Thread 0x000001a256e09fb0 Exception <a 'java/lang/reflect/InvocationTargetException'{0x00000000c56a6590}> (0x00000000c56a6590) 
thrown [s\open\src\hotspot\share\runtime\reflection.cpp, line 1121]
Event: 34.575 Thread 0x000001a256e09fb0 Exception <a 'java/lang/reflect/InvocationTargetException'{0x00000000c56b05e0}> (0x00000000c56b05e0) 
thrown [s\open\src\hotspot\share\runtime\reflection.cpp, line 1121]
Event: 34.648 Thread 0x000001a256e09fb0 Exception <a 'java/io/FileNotFoundException'{0x00000000c5300510}> (0x00000000c5300510) 
thrown [s\open\src\hotspot\share\prims\jni.cpp, line 516]
Event: 34.650 Thread 0x000001a256e09fb0 Exception <a 'java/io/FileNotFoundException'{0x00000000c530d0d0}> (0x00000000c530d0d0) 
thrown [s\open\src\hotspot\share\prims\jni.cpp, line 516]
Event: 34.776 Thread 0x000001a256e09fb0 Exception <a 'java/lang/NoSuchMethodError'{0x00000000c5013198}: 'java.lang.Object java.lang.invoke.DirectMethodHandle$Holder.invokeInterface(java.lang.Object, java.lang.Object, int)'> (0x00000000c5013198) 
thrown [s\open\src\hotspot\share\interpreter\linkResolver.cpp, line 759]
Event: 34.782 Thread 0x000001a256e09fb0 Implicit null exception at 0x000001a266413a6c to 0x000001a266413b1c
Event: 34.784 Thread 0x000001a256e09fb0 Exception <a 'java/lang/reflect/InvocationTargetException'{0x00000000c5041d08}> (0x00000000c5041d08) 
thrown [s\open\src\hotspot\share\runtime\reflection.cpp, line 1121]
Event: 34.872 Thread 0x000001a256e09fb0 Exception <a 'java/lang/reflect/InvocationTargetException'{0x00000000c4d26678}> (0x00000000c4d26678) 
thrown [s\open\src\hotspot\share\runtime\reflection.cpp, line 1121]

VM Operations (20 events):
Event: 34.142 Executing VM operation: HandshakeAllThreads done
Event: 34.327 Executing VM operation: G1CollectForAllocation
Event: 34.334 Executing VM operation: G1CollectForAllocation done
Event: 34.467 Executing VM operation: G1Concurrent
Event: 34.474 Executing VM operation: G1Concurrent done
Event: 34.476 Executing VM operation: HandshakeAllThreads
Event: 34.476 Executing VM operation: HandshakeAllThreads done
Event: 34.533 Executing VM operation: G1Concurrent
Event: 34.533 Executing VM operation: G1Concurrent done
Event: 35.037 Executing VM operation: G1CollectForAllocation
Event: 35.044 Executing VM operation: G1CollectForAllocation done
Event: 35.070 Executing VM operation: G1CollectForAllocation
Event: 35.077 Executing VM operation: G1CollectForAllocation done
Event: 35.772 Executing VM operation: HandshakeAllThreads
Event: 35.772 Executing VM operation: HandshakeAllThreads done
Event: 35.827 Executing VM operation: HandshakeAllThreads
Event: 35.827 Executing VM operation: HandshakeAllThreads done
Event: 35.828 Executing VM operation: HandshakeAllThreads
Event: 35.828 Executing VM operation: HandshakeAllThreads done
Event: 36.022 Executing VM operation: G1CollectForAllocation

Events (20 events):
Event: 34.123 loading class java/nio/channels/CompletionHandler
Event: 34.123 loading class java/nio/channels/CompletionHandler done
Event: 34.157 Thread 0x000001a2778069c0 Thread added: 0x000001a2778069c0
Event: 34.164 Thread 0x000001a277805580 Thread added: 0x000001a277805580
Event: 34.170 Thread 0x000001a277805fa0 Thread added: 0x000001a277805fa0
Event: 34.480 Thread 0x000001a2720e5f70 flushing nmethod 0x000001a25e727f90
Event: 34.483 Thread 0x000001a2720e5f70 flushing nmethod 0x000001a25ea44490
Event: 34.489 Thread 0x000001a2720e5f70 flushing nmethod 0x000001a25ef59f90
Event: 34.678 loading class java/lang/UnknownError
Event: 34.679 loading class java/lang/UnknownError done
Event: 34.773 loading class java/util/stream/Streams$RangeIntSpliterator
Event: 34.774 loading class java/util/stream/Streams$RangeIntSpliterator done
Event: 34.775 loading class java/util/stream/IntPipeline$1
Event: 34.775 loading class java/util/stream/IntPipeline$1 done
Event: 34.779 loading class java/util/stream/IntPipeline$1$1
Event: 34.779 loading class java/util/stream/IntPipeline$1$1 done
Event: 35.168 loading class java/util/Comparators$NullComparator
Event: 35.168 loading class java/util/Comparators$NullComparator done
Event: 35.835 loading class sun/reflect/annotation/TypeAnnotation$TypeAnnotationTargetInfo
Event: 35.836 loading class sun/reflect/annotation/TypeAnnotation$TypeAnnotationTargetInfo done


Dynamic libraries:
0x00007ff6dcf90000 - 0x00007ff6dcfa0000 	C:\Program Files\Java\jdk-17\bin\java.exe
0x00007fff88d90000 - 0x00007fff88f88000 	C:\WINDOWS\SYSTEM32\ntdll.dll
0x00007fff5c870000 - 0x00007fff5c890000 	C:\Program Files\AVG\Antivirus\aswhook.dll
0x00007fff88c80000 - 0x00007fff88d42000 	C:\WINDOWS\System32\KERNEL32.DLL
0x00007fff868f0000 - 0x00007fff86be6000 	C:\WINDOWS\System32\KERNELBASE.dll
0x00007fff867f0000 - 0x00007fff868f0000 	C:\WINDOWS\System32\ucrtbase.dll
0x00007fff78830000 - 0x00007fff7884b000 	C:\Program Files\Java\jdk-17\bin\VCRUNTIME140.dll
0x00007fff79480000 - 0x00007fff79499000 	C:\Program Files\Java\jdk-17\bin\jli.dll
0x00007fff86db0000 - 0x00007fff86e61000 	C:\WINDOWS\System32\ADVAPI32.dll
0x00007fff88940000 - 0x00007fff889de000 	C:\WINDOWS\System32\msvcrt.dll
0x00007fff86ed0000 - 0x00007fff86f6f000 	C:\WINDOWS\System32\sechost.dll
0x00007fff87940000 - 0x00007fff87a63000 	C:\WINDOWS\System32\RPCRT4.dll
0x00007fff86bf0000 - 0x00007fff86c17000 	C:\WINDOWS\System32\bcrypt.dll
0x00007fff87670000 - 0x00007fff8780d000 	C:\WINDOWS\System32\USER32.dll
0x00007fff86c20000 - 0x00007fff86c42000 	C:\WINDOWS\System32\win32u.dll
0x00007fff86f70000 - 0x00007fff86f9b000 	C:\WINDOWS\System32\GDI32.dll
0x00007fff86550000 - 0x00007fff86669000 	C:\WINDOWS\System32\gdi32full.dll
0x00007fff75e90000 - 0x00007fff7612a000 	C:\WINDOWS\WinSxS\amd64_microsoft.windows.common-controls_6595b64144ccf1df_6.0.19041.5915_none_60b4b9d171f9c7c7\COMCTL32.dll
0x00007fff864b0000 - 0x00007fff8654d000 	C:\WINDOWS\System32\msvcp_win.dll
0x00007fff7de80000 - 0x00007fff7de8a000 	C:\WINDOWS\SYSTEM32\VERSION.dll
0x00007fff88880000 - 0x00007fff888af000 	C:\WINDOWS\System32\IMM32.DLL
0x00007fff7f400000 - 0x00007fff7f40c000 	C:\Program Files\Java\jdk-17\bin\vcruntime140_1.dll
0x00007fff544e0000 - 0x00007fff5456e000 	C:\Program Files\Java\jdk-17\bin\msvcp140.dll
0x00007fff35690000 - 0x00007fff36270000 	C:\Program Files\Java\jdk-17\bin\server\jvm.dll
0x00007fff88030000 - 0x00007fff88038000 	C:\WINDOWS\System32\PSAPI.DLL
0x00007fff84af0000 - 0x00007fff84af9000 	C:\WINDOWS\SYSTEM32\WSOCK32.dll
0x00007fff88810000 - 0x00007fff8887b000 	C:\WINDOWS\System32\WS2_32.dll
0x00007fff73dd0000 - 0x00007fff73df7000 	C:\WINDOWS\SYSTEM32\WINMM.dll
0x00007fff84c00000 - 0x00007fff84c12000 	C:\WINDOWS\SYSTEM32\kernel.appcore.dll
0x00007fff7a4d0000 - 0x00007fff7a4da000 	C:\Program Files\Java\jdk-17\bin\jimage.dll
0x00007fff848c0000 - 0x00007fff84ac1000 	C:\WINDOWS\SYSTEM32\DBGHELP.DLL
0x00007fff71270000 - 0x00007fff712a4000 	C:\WINDOWS\SYSTEM32\dbgcore.DLL
0x00007fff86420000 - 0x00007fff864a2000 	C:\WINDOWS\System32\bcryptPrimitives.dll
0x00007fff72b10000 - 0x00007fff72b35000 	C:\Program Files\Java\jdk-17\bin\java.dll
0x00007fff500a0000 - 0x00007fff50177000 	C:\Program Files\Java\jdk-17\bin\jsvml.dll
0x00007fff88040000 - 0x00007fff887ae000 	C:\WINDOWS\System32\SHELL32.dll
0x00007fff84040000 - 0x00007fff847e4000 	C:\WINDOWS\SYSTEM32\windows.storage.dll
0x00007fff86fa0000 - 0x00007fff872f3000 	C:\WINDOWS\System32\combase.dll
0x00007fff85e00000 - 0x00007fff85e2b000 	C:\WINDOWS\SYSTEM32\Wldp.dll
0x00007fff889e0000 - 0x00007fff88aad000 	C:\WINDOWS\System32\OLEAUT32.dll
0x00007fff87890000 - 0x00007fff8793d000 	C:\WINDOWS\System32\SHCORE.dll
0x00007fff86e70000 - 0x00007fff86ecb000 	C:\WINDOWS\System32\shlwapi.dll
0x00007fff86350000 - 0x00007fff86375000 	C:\WINDOWS\SYSTEM32\profapi.dll
0x00007fff754e0000 - 0x00007fff754f9000 	C:\Program Files\Java\jdk-17\bin\net.dll
0x00007fff7b780000 - 0x00007fff7b88a000 	C:\WINDOWS\SYSTEM32\WINHTTP.dll
0x00007fff85ac0000 - 0x00007fff85b2a000 	C:\WINDOWS\system32\mswsock.dll
0x00007fff75470000 - 0x00007fff75486000 	C:\Program Files\Java\jdk-17\bin\nio.dll
0x00007fff76fb0000 - 0x00007fff76fc8000 	C:\Program Files\Java\jdk-17\bin\zip.dll
0x00007fff79250000 - 0x00007fff79260000 	C:\Program Files\Java\jdk-17\bin\verify.dll
0x00007fff790b0000 - 0x00007fff790be000 	C:\Program Files\Java\jdk-17\bin\sunmscapi.dll
0x00007fff86c50000 - 0x00007fff86dad000 	C:\WINDOWS\System32\CRYPT32.dll
0x00007fff85ec0000 - 0x00007fff85ee7000 	C:\WINDOWS\SYSTEM32\ncrypt.dll
0x00007fff85e80000 - 0x00007fff85ebb000 	C:\WINDOWS\SYSTEM32\NTASN1.dll
0x00007fff85d30000 - 0x00007fff85d48000 	C:\WINDOWS\SYSTEM32\CRYPTSP.dll
0x00007fff853c0000 - 0x00007fff853f8000 	C:\WINDOWS\system32\rsaenh.dll
0x00007fff86310000 - 0x00007fff8633e000 	C:\WINDOWS\SYSTEM32\USERENV.dll
0x00007fff85dd0000 - 0x00007fff85ddc000 	C:\WINDOWS\SYSTEM32\CRYPTBASE.dll
0x00007fff85780000 - 0x00007fff857bb000 	C:\WINDOWS\SYSTEM32\IPHLPAPI.DLL
0x00007fff87380000 - 0x00007fff87388000 	C:\WINDOWS\System32\NSI.dll
0x00007fff7c4f0000 - 0x00007fff7c507000 	C:\WINDOWS\SYSTEM32\dhcpcsvc6.DLL
0x00007fff7eb80000 - 0x00007fff7eb9d000 	C:\WINDOWS\SYSTEM32\dhcpcsvc.DLL
0x00007fff857d0000 - 0x00007fff8589a000 	C:\WINDOWS\SYSTEM32\DNSAPI.dll
0x00007fff78bb0000 - 0x00007fff78bba000 	C:\Program Files\Java\jdk-17\bin\management.dll
0x00007fff78490000 - 0x00007fff7849b000 	C:\Program Files\Java\jdk-17\bin\management_ext.dll
0x00007fff72bc0000 - 0x00007fff72bca000 	C:\Windows\System32\rasadhlp.dll
0x00007fff772f0000 - 0x00007fff77370000 	C:\WINDOWS\System32\fwpuclnt.dll

dbghelp: loaded successfully - version: 4.0.5 - missing functions: none
symbol engine: initialized successfully - sym options: 0x614 - pdb path: .;C:\Program Files\Java\jdk-17\bin;C:\WINDOWS\SYSTEM32;C:\Program Files\AVG\Antivirus;C:\WINDOWS\WinSxS\amd64_microsoft.windows.common-controls_6595b64144ccf1df_6.0.19041.5915_none_60b4b9d171f9c7c7;C:\Program Files\Java\jdk-17\bin\server

VM Arguments:
jvm_args: -Dfile.encoding=UTF-8 -Duser.country=ES -Duser.language=es -Duser.variant 
java_command: com.EchoLearn_backend.EchoLearnBackendApplication
java_class_path (initial): E:\PROYECTOS\Sistema de logueo\EchoLearn-backend\build\classes\java\main;E:\PROYECTOS\Sistema de logueo\EchoLearn-backend\build\resources\main;C:\Users\Viviana Bohórquez\.gradle\caches\modules-2\files-2.1\org.springframework.boot\spring-boot-starter-data-jpa\3.4.4\7e0ab04a0aa460295c7a2e485c7809a733469824\spring-boot-starter-data-jpa-3.4.4.jar;C:\Users\Viviana Bohórquez\.gradle\caches\modules-2\files-2.1\org.springframework.boot\spring-boot-starter-security\3.4.4\796c83e0f08979c87b62d19d7d956d1ea453f4cd\spring-boot-starter-security-3.4.4.jar;C:\Users\Viviana Bohórquez\.gradle\caches\modules-2\files-2.1\org.springframework.boot\spring-boot-starter-validation\3.4.4\fa0bc381ac02704bb56631c13e33c3be437aa5c\spring-boot-starter-validation-3.4.4.jar;C:\Users\Viviana Bohórquez\.gradle\caches\modules-2\files-2.1\org.springframework.boot\spring-boot-starter-mail\3.4.4\f49875757d6fd0f2d253e3fde02d3581a675e02f\spring-boot-starter-mail-3.4.4.jar;C:\Users\Viviana Bohórquez\.gradle\caches\modules-2\files-2.1\org.springframework.boot\spring-boot-starter-web\3.4.4\441c0c71f38783c1d34b8bac5f06f1fa6b103274\spring-boot-starter-web-3.4.4.jar;C:\Users\Viviana Bohórquez\.gradle\caches\modules-2\files-2.1\com.auth0\java-jwt\4.5.0\d7004155fe57a107cc40fb6be0132d8ad2530613\java-jwt-4.5.0.jar;C:\Users\Viviana Bohórquez\.gradle\caches\modules-2\files-2.1\com.cloudinary\cloudinary-http44\1.39.0\ccc6aca916135d65fab908ea105c7e500894ba54\cloudinary-http44-1.39.0.jar;C:\Users\Viviana Bohórquez\.gradle\caches\modules-2\files-2.1\com.mysql\mysql-connector-j\9.1.0\5fb1d513278e1a9767dfa80ea9d8d7ee909f1a\mysql-connector-j-9.1.0.jar;C:\Users\Viviana Bohórquez\.gradle\caches\modules-2\files-2.1\org.springframework.boot\spring-boot-starter-jdbc\3.4.4\c1059487b20babd2e0552d285d64d3cb655d0c4d\spring-boot-starter-jdbc-3.4.4.jar;C:\Users\Viviana Bohórquez\.gradle\caches\modules-2\files-2.1\org.springframework.boot\spring-boot-starter-json\3.4.4\7f7ca72abcab50661b7b5d23f63b3bc2375bb2b
Launcher Type: SUN_STANDARD

[Global flags]
     intx CICompilerCount                          = 3                                         {product} {ergonomic}
     uint ConcGCThreads                            = 1                                         {product} {ergonomic}
     uint G1ConcRefinementThreads                  = 4                                         {product} {ergonomic}
   size_t G1HeapRegionSize                         = 1048576                                   {product} {ergonomic}
    uintx GCDrainStackTargetSize                   = 64                                        {product} {ergonomic}
   size_t InitialHeapSize                          = 67108864                                  {product} {ergonomic}
   size_t MarkStackSize                            = 4194304                                   {product} {ergonomic}
   size_t MaxHeapSize                              = 1050673152                                {product} {ergonomic}
   size_t MaxNewSize                               = 630194176                                 {product} {ergonomic}
   size_t MinHeapDeltaBytes                        = 1048576                                   {product} {ergonomic}
   size_t MinHeapSize                              = 8388608                                   {product} {ergonomic}
    uintx NonNMethodCodeHeapSize                   = 5832780                                {pd product} {ergonomic}
    uintx NonProfiledCodeHeapSize                  = 122912730                              {pd product} {ergonomic}
    uintx ProfiledCodeHeapSize                     = 122912730                              {pd product} {ergonomic}
    uintx ReservedCodeCacheSize                    = 251658240                              {pd product} {ergonomic}
     bool SegmentedCodeCache                       = true                                      {product} {ergonomic}
   size_t SoftMaxHeapSize                          = 1050673152                             {manageable} {ergonomic}
     bool UseCompressedClassPointers               = true                           {product lp64_product} {ergonomic}
     bool UseCompressedOops                        = true                           {product lp64_product} {ergonomic}
     bool UseG1GC                                  = true                                      {product} {ergonomic}
     bool UseLargePagesIndividualAllocation        = false                                  {pd product} {ergonomic}

Logging:
Log output configuration:
 #0: stdout all=warning uptime,level,tags
 #1: stderr all=off uptime,level,tags

Environment Variables:
PATH=C:\Program Files\Common Files\Oracle\Java\javapath;C:\WINDOWS\system32;C:\WINDOWS;C:\WINDOWS\System32\Wbem;C:\WINDOWS\System32\WindowsPowerShell\v1.0\;C:\Program Files\Novell\iPrint;C:\WINDOWS\System32\OpenSSH\;C:\Program Files\nodejs\;C:\Program Files\Git\cmd;C:\Program Files\Docker\Docker\resources\bin;C:\Users\Viviana Bohórquez\AppData\Local\Microsoft\WindowsApps;E:\programacion\IntelliJ IDEA 2024.1.2\bin;C:\sqlite3;E:\programacion\JAVAAAAAAA INTE\IntelliJ IDEA Community Edition 2024.2.3\bin;C:\Users\Viviana Bohórquez\AppData\Roaming\npm;E:\Desarollo\Microsoft VS Code\bin;C:\Users\Viviana Bohórquez\AppData\Local\Microsoft\WinGet\Links
USERNAME=Viviana B
OS=Windows_NT
PROCESSOR_IDENTIFIER=Intel64 Family 6 Model 69 Stepping 1, GenuineIntel



---------------  S Y S T E M  ---------------

OS:
 Windows 10 , 64 bit Build 19041 (10.0.19041.5915)
OS uptime: 2 days 18:26 hours
Hyper-V role detected

CPU: total 4 (initial active 4) (2 cores per cpu, 2 threads per core) family 6 model 69 stepping 1 microcode 0x25, cx8, cmov, fxsr, ht, mmx, sse, sse2, sse3, ssse3, sse4.1, sse4.2, popcnt, lzcnt, tsc, tscinvbit, avx, avx2, aes, erms, clmul, bmi1, bmi2, fma, vzeroupper, clflush, hv

Memory: 4k page, system-wide physical 4003M (293M free)
TotalPageFile size 10497M (AvailPageFile size 21M)
current process WorkingSet (physical memory assigned to process): 268M, peak: 272M
current process commit charge ("private bytes"): 299M, peak: 372M

vm_info: Java HotSpot(TM) 64-Bit Server VM (17.0.11+7-LTS-207) for windows-amd64 JRE (17.0.11+7-LTS-207), built on Mar 11 2024 19:01:50 by "mach5one" with MS VC++ 17.6 (VS2022)

END.
